16:39:02 **** Incremental Build of configuration Debug for project I2C_Slave ****
make -j16 all 
arm-none-eabi-gcc "../Core/Src/main.c" -mcpu=cortex-m4 -std=gnu11 -g3 -DDEBUG -DUSE_HAL_DRIVER -DSTM32F413xx -c -I../Core/Inc -I../Drivers/STM32F4xx_HAL_Driver/Inc -I../Drivers/STM32F4xx_HAL_Driver/Inc/Legacy -I../Drivers/CMSIS/Device/ST/STM32F4xx/Include -I../Drivers/CMSIS/Include -O0 -ffunction-sections -fdata-sections -Wall -fstack-usage -MMD -MP -MF"Core/Src/main.d" -MT"Core/Src/main.o" --specs=nano.specs -mfpu=fpv4-sp-d16 -mfloat-abi=hard -mthumb -o "Core/Src/main.o"
arm-none-eabi-gcc -o "I2C_Slave.elf" @"objects.list"   -mcpu=cortex-m4 -T"E:\Kampus\NanoSat\Riset\Kedaireka\Code\Kedaireka_2022\OBC\I2C_Slave\STM32F413ZHTX_FLASH.ld" --specs=nosys.specs -Wl,-Map="I2C_Slave.map" -Wl,--gc-sections -static --specs=nano.specs -mfpu=fpv4-sp-d16 -mfloat-abi=hard -mthumb -Wl,--start-group -lc -lm -Wl,--end-group
Finished building target: I2C_Slave.elf
 
arm-none-eabi-size   I2C_Slave.elf 
arm-none-eabi-objdump -h -S  I2C_Slave.elf  > "I2C_Slave.list"
   text	   data	    bss	    dec	    hex	filename
  14636	     20	   3012	  17668	   4504	I2C_Slave.elf
Finished building: default.size.stdout
 
Finished building: I2C_Slave.list
 
16:39:08 **** Incremental Build of configuration Debug for project I2C_Slave ****
make -j16 all 
arm-none-eabi-size   I2C_Slave.elf 
   text	   data	    bss	    dec	    hex	filename
  14636	     20	   3012	  17668	   4504	I2C_Slave.elf
Finished building: default.size.stdout
 
16:41:04 **** Incremental Build of configuration Debug for project I2C_Slave ****
make -j16 all 
arm-none-eabi-size   I2C_Slave.elf 
   text	   data	    bss	    dec	    hex	filename
  14636	     20	   3012	  17668	   4504	I2C_Slave.elf
Finished building: default.size.stdout
 
16:41:23 **** Incremental Build of configuration Debug for project I2C_Slave ****
make -j16 all 
arm-none-eabi-gcc "../Core/Src/main.c" -mcpu=cortex-m4 -std=gnu11 -g3 -DDEBUG -DUSE_HAL_DRIVER -DSTM32F413xx -c -I../Core/Inc -I../Drivers/STM32F4xx_HAL_Driver/Inc -I../Drivers/STM32F4xx_HAL_Driver/Inc/Legacy -I../Drivers/CMSIS/Device/ST/STM32F4xx/Include -I../Drivers/CMSIS/Include -O0 -ffunction-sections -fdata-sections -Wall -fstack-usage -MMD -MP -MF"Core/Src/main.d" -MT"Core/Src/main.o" --specs=nano.specs -mfpu=fpv4-sp-d16 -mfloat-abi=hard -mthumb -o "Core/Src/main.o"
arm-none-eabi-gcc -o "I2C_Slave.elf" @"objects.list"   -mcpu=cortex-m4 -T"E:\Kampus\NanoSat\Riset\Kedaireka\Code\Kedaireka_2022\OBC\I2C_Slave\STM32F413ZHTX_FLASH.ld" --specs=nosys.specs -Wl,-Map="I2C_Slave.map" -Wl,--gc-sections -static --specs=nano.specs -mfpu=fpv4-sp-d16 -mfloat-abi=hard -mthumb -Wl,--start-group -lc -lm -Wl,--end-group
Finished building target: I2C_Slave.elf
 
arm-none-eabi-size   I2C_Slave.elf 
arm-none-eabi-objdump -h -S  I2C_Slave.elf  > "I2C_Slave.list"
   text	   data	    bss	    dec	    hex	filename
  14636	     20	   3012	  17668	   4504	I2C_Slave.elf
Finished building: default.size.stdout
 
Finished building: I2C_Slave.list
 
16:42:27 **** Incremental Build of configuration Debug for project I2C_Slave ****
make -j16 all 
arm-none-eabi-gcc "../Core/Src/main.c" -mcpu=cortex-m4 -std=gnu11 -g3 -DDEBUG -DUSE_HAL_DRIVER -DSTM32F413xx -c -I../Core/Inc -I../Drivers/STM32F4xx_HAL_Driver/Inc -I../Drivers/STM32F4xx_HAL_Driver/Inc/Legacy -I../Drivers/CMSIS/Device/ST/STM32F4xx/Include -I../Drivers/CMSIS/Include -O0 -ffunction-sections -fdata-sections -Wall -fstack-usage -MMD -MP -MF"Core/Src/main.d" -MT"Core/Src/main.o" --specs=nano.specs -mfpu=fpv4-sp-d16 -mfloat-abi=hard -mthumb -o "Core/Src/main.o"
../Core/Src/main.c: In function 'main':
../Core/Src/main.c:108:42: warning: passing argument 2 of 'HAL_UART_Transmit' makes pointer from integer without a cast [-Wint-conversion]
  108 |         HAL_UART_Transmit(&huart3, buffer[i], 1, 10000);
      |                                    ~~~~~~^~~
      |                                          |
      |                                          uint8_t {aka unsigned char}
In file included from ../Core/Inc/stm32f4xx_hal_conf.h:407,
                 from ../Drivers/STM32F4xx_HAL_Driver/Inc/stm32f4xx_hal.h:29,
                 from ../Core/Inc/main.h:30,
                 from ../Core/Src/main.c:20:
../Drivers/STM32F4xx_HAL_Driver/Inc/stm32f4xx_hal_uart.h:722:79: note: expected 'const uint8_t *' {aka 'const unsigned char *'} but argument is of type 'uint8_t' {aka 'unsigned char'}
  722 | HAL_StatusTypeDef HAL_UART_Transmit(UART_HandleTypeDef *huart, const uint8_t *pData, uint16_t Size, uint32_t Timeout);
      |                                                                ~~~~~~~~~~~~~~~^~~~~
arm-none-eabi-gcc -o "I2C_Slave.elf" @"objects.list"   -mcpu=cortex-m4 -T"E:\Kampus\NanoSat\Riset\Kedaireka\Code\Kedaireka_2022\OBC\I2C_Slave\STM32F413ZHTX_FLASH.ld" --specs=nosys.specs -Wl,-Map="I2C_Slave.map" -Wl,--gc-sections -static --specs=nano.specs -mfpu=fpv4-sp-d16 -mfloat-abi=hard -mthumb -Wl,--start-group -lc -lm -Wl,--end-group
Finished building target: I2C_Slave.elf
 
arm-none-eabi-size   I2C_Slave.elf 
arm-none-eabi-objdump -h -S  I2C_Slave.elf  > "I2C_Slave.list"
   text	   data	    bss	    dec	    hex	filename
  14640	     20	   3012	  17672	   4508	I2C_Slave.elf
Finished building: default.size.stdout
 
Finished building: I2C_Slave.list
 
16:43:49 **** Incremental Build of configuration Debug for project I2C_Slave ****
make -j16 all 
arm-none-eabi-size   I2C_Slave.elf 
   text	   data	    bss	    dec	    hex	filename
  14640	     20	   3012	  17672	   4508	I2C_Slave.elf
Finished building: default.size.stdout
 
16:45:26 **** Incremental Build of configuration Debug for project I2C_Slave ****
make -j16 all 
arm-none-eabi-size   I2C_Slave.elf 
   text	   data	    bss	    dec	    hex	filename
  14640	     20	   3012	  17672	   4508	I2C_Slave.elf
Finished building: default.size.stdout
 
16:45:47 **** Incremental Build of configuration Debug for project I2C_Slave ****
make -j16 all 
arm-none-eabi-size   I2C_Slave.elf 
   text	   data	    bss	    dec	    hex	filename
  14640	     20	   3012	  17672	   4508	I2C_Slave.elf
Finished building: default.size.stdout
 
16:46:13 **** Incremental Build of configuration Debug for project I2C_Slave ****
make -j16 all 
arm-none-eabi-size   I2C_Slave.elf 
   text	   data	    bss	    dec	    hex	filename
  14640	     20	   3012	  17672	   4508	I2C_Slave.elf
Finished building: default.size.stdout
 
16:46:57 **** Incremental Build of configuration Debug for project I2C_Slave ****
make -j16 all 
arm-none-eabi-gcc "../Core/Src/main.c" -mcpu=cortex-m4 -std=gnu11 -g3 -DDEBUG -DUSE_HAL_DRIVER -DSTM32F413xx -c -I../Core/Inc -I../Drivers/STM32F4xx_HAL_Driver/Inc -I../Drivers/STM32F4xx_HAL_Driver/Inc/Legacy -I../Drivers/CMSIS/Device/ST/STM32F4xx/Include -I../Drivers/CMSIS/Include -O0 -ffunction-sections -fdata-sections -Wall -fstack-usage -MMD -MP -MF"Core/Src/main.d" -MT"Core/Src/main.o" --specs=nano.specs -mfpu=fpv4-sp-d16 -mfloat-abi=hard -mthumb -o "Core/Src/main.o"
../Core/Src/main.c: In function 'main':
../Core/Src/main.c:108:42: warning: passing argument 2 of 'HAL_UART_Transmit' makes pointer from integer without a cast [-Wint-conversion]
  108 |         HAL_UART_Transmit(&huart3, buffer[i], 1, 10000);
      |                                    ~~~~~~^~~
      |                                          |
      |                                          uint8_t {aka unsigned char}
In file included from ../Core/Inc/stm32f4xx_hal_conf.h:407,
                 from ../Drivers/STM32F4xx_HAL_Driver/Inc/stm32f4xx_hal.h:29,
                 from ../Core/Inc/main.h:30,
                 from ../Core/Src/main.c:20:
../Drivers/STM32F4xx_HAL_Driver/Inc/stm32f4xx_hal_uart.h:722:79: note: expected 'const uint8_t *' {aka 'const unsigned char *'} but argument is of type 'uint8_t' {aka 'unsigned char'}
  722 | HAL_StatusTypeDef HAL_UART_Transmit(UART_HandleTypeDef *huart, const uint8_t *pData, uint16_t Size, uint32_t Timeout);
      |                                                                ~~~~~~~~~~~~~~~^~~~~
arm-none-eabi-gcc -o "I2C_Slave.elf" @"objects.list"   -mcpu=cortex-m4 -T"E:\Kampus\NanoSat\Riset\Kedaireka\Code\Kedaireka_2022\OBC\I2C_Slave\STM32F413ZHTX_FLASH.ld" --specs=nosys.specs -Wl,-Map="I2C_Slave.map" -Wl,--gc-sections -static --specs=nano.specs -mfpu=fpv4-sp-d16 -mfloat-abi=hard -mthumb -Wl,--start-group -lc -lm -Wl,--end-group
Finished building target: I2C_Slave.elf
 
arm-none-eabi-size   I2C_Slave.elf 
arm-none-eabi-objdump -h -S  I2C_Slave.elf  > "I2C_Slave.list"
   text	   data	    bss	    dec	    hex	filename
  14652	     20	   3012	  17684	   4514	I2C_Slave.elf
Finished building: default.size.stdout
 
Finished building: I2C_Slave.list
 
16:55:05 **** Incremental Build of configuration Debug for project I2C_Slave ****
make -j16 all 
arm-none-eabi-gcc "../Core/Src/main.c" -mcpu=cortex-m4 -std=gnu11 -g3 -DDEBUG -DUSE_HAL_DRIVER -DSTM32F413xx -c -I../Core/Inc -I../Drivers/STM32F4xx_HAL_Driver/Inc -I../Drivers/STM32F4xx_HAL_Driver/Inc/Legacy -I../Drivers/CMSIS/Device/ST/STM32F4xx/Include -I../Drivers/CMSIS/Include -O0 -ffunction-sections -fdata-sections -Wall -fstack-usage -MMD -MP -MF"Core/Src/main.d" -MT"Core/Src/main.o" --specs=nano.specs -mfpu=fpv4-sp-d16 -mfloat-abi=hard -mthumb -o "Core/Src/main.o"
arm-none-eabi-gcc -o "I2C_Slave.elf" @"objects.list"   -mcpu=cortex-m4 -T"E:\Kampus\NanoSat\Riset\Kedaireka\Code\Kedaireka_2022\OBC\I2C_Slave\STM32F413ZHTX_FLASH.ld" --specs=nosys.specs -Wl,-Map="I2C_Slave.map" -Wl,--gc-sections -static --specs=nano.specs -mfpu=fpv4-sp-d16 -mfloat-abi=hard -mthumb -Wl,--start-group -lc -lm -Wl,--end-group
Finished building target: I2C_Slave.elf
 
arm-none-eabi-size   I2C_Slave.elf 
arm-none-eabi-objdump -h -S  I2C_Slave.elf  > "I2C_Slave.list"
   text	   data	    bss	    dec	    hex	filename
  14628	     20	   3012	  17660	   44fc	I2C_Slave.elf
Finished building: default.size.stdout
 
Finished building: I2C_Slave.list
 
16:55:57 **** Incremental Build of configuration Debug for project I2C_Slave ****
make -j16 all 
arm-none-eabi-size   I2C_Slave.elf 
   text	   data	    bss	    dec	    hex	filename
  14628	     20	   3012	  17660	   44fc	I2C_Slave.elf
Finished building: default.size.stdout
 
16:56:50 **** Incremental Build of configuration Debug for project I2C_Slave ****
make -j16 all 
arm-none-eabi-size   I2C_Slave.elf 
   text	   data	    bss	    dec	    hex	filename
  14628	     20	   3012	  17660	   44fc	I2C_Slave.elf
Finished building: default.size.stdout
 
17:01:15 **** Incremental Build of configuration Debug for project I2C_Slave ****
make -j16 all 
arm-none-eabi-gcc "../Core/Src/main.c" -mcpu=cortex-m4 -std=gnu11 -g3 -DDEBUG -DUSE_HAL_DRIVER -DSTM32F413xx -c -I../Core/Inc -I../Drivers/STM32F4xx_HAL_Driver/Inc -I../Drivers/STM32F4xx_HAL_Driver/Inc/Legacy -I../Drivers/CMSIS/Device/ST/STM32F4xx/Include -I../Drivers/CMSIS/Include -O0 -ffunction-sections -fdata-sections -Wall -fstack-usage -MMD -MP -MF"Core/Src/main.d" -MT"Core/Src/main.o" --specs=nano.specs -mfpu=fpv4-sp-d16 -mfloat-abi=hard -mthumb -o "Core/Src/main.o"
../Core/Src/main.c: In function 'main':
../Core/Src/main.c:103:21: warning: variable 'uartReturn' set but not used [-Wunused-but-set-variable]
  103 |   HAL_StatusTypeDef uartReturn;
      |                     ^~~~~~~~~~
arm-none-eabi-gcc -o "I2C_Slave.elf" @"objects.list"   -mcpu=cortex-m4 -T"E:\Kampus\NanoSat\Riset\Kedaireka\Code\Kedaireka_2022\OBC\I2C_Slave\STM32F413ZHTX_FLASH.ld" --specs=nosys.specs -Wl,-Map="I2C_Slave.map" -Wl,--gc-sections -static --specs=nano.specs -mfpu=fpv4-sp-d16 -mfloat-abi=hard -mthumb -Wl,--start-group -lc -lm -Wl,--end-group
Finished building target: I2C_Slave.elf
 
arm-none-eabi-size   I2C_Slave.elf 
arm-none-eabi-objdump -h -S  I2C_Slave.elf  > "I2C_Slave.list"
   text	   data	    bss	    dec	    hex	filename
  14632	     20	   3012	  17664	   4500	I2C_Slave.elf
Finished building: default.size.stdout
 
Finished building: I2C_Slave.list
 
17:02:55 **** Incremental Build of configuration Debug for project I2C_Slave ****
make -j16 all 
arm-none-eabi-gcc "../Core/Src/main.c" -mcpu=cortex-m4 -std=gnu11 -g3 -DDEBUG -DUSE_HAL_DRIVER -DSTM32F413xx -c -I../Core/Inc -I../Drivers/STM32F4xx_HAL_Driver/Inc -I../Drivers/STM32F4xx_HAL_Driver/Inc/Legacy -I../Drivers/CMSIS/Device/ST/STM32F4xx/Include -I../Drivers/CMSIS/Include -O0 -ffunction-sections -fdata-sections -Wall -fstack-usage -MMD -MP -MF"Core/Src/main.d" -MT"Core/Src/main.o" --specs=nano.specs -mfpu=fpv4-sp-d16 -mfloat-abi=hard -mthumb -o "Core/Src/main.o"
../Core/Src/main.c: In function 'main':
../Core/Src/main.c:103:21: warning: variable 'uartReturn' set but not used [-Wunused-but-set-variable]
  103 |   HAL_StatusTypeDef uartReturn = HAL_ERROR;
      |                     ^~~~~~~~~~
arm-none-eabi-gcc -o "I2C_Slave.elf" @"objects.list"   -mcpu=cortex-m4 -T"E:\Kampus\NanoSat\Riset\Kedaireka\Code\Kedaireka_2022\OBC\I2C_Slave\STM32F413ZHTX_FLASH.ld" --specs=nosys.specs -Wl,-Map="I2C_Slave.map" -Wl,--gc-sections -static --specs=nano.specs -mfpu=fpv4-sp-d16 -mfloat-abi=hard -mthumb -Wl,--start-group -lc -lm -Wl,--end-group
Finished building target: I2C_Slave.elf
 
arm-none-eabi-size   I2C_Slave.elf 
arm-none-eabi-objdump -h -S  I2C_Slave.elf  > "I2C_Slave.list"
   text	   data	    bss	    dec	    hex	filename
  14636	     20	   3012	  17668	   4504	I2C_Slave.elf
Finished building: default.size.stdout
 
Finished building: I2C_Slave.list
 
17:04:11 **** Incremental Build of configuration Debug for project I2C_Slave ****
make -j16 all 
arm-none-eabi-gcc "../Core/Src/main.c" -mcpu=cortex-m4 -std=gnu11 -g3 -DDEBUG -DUSE_HAL_DRIVER -DSTM32F413xx -c -I../Core/Inc -I../Drivers/STM32F4xx_HAL_Driver/Inc -I../Drivers/STM32F4xx_HAL_Driver/Inc/Legacy -I../Drivers/CMSIS/Device/ST/STM32F4xx/Include -I../Drivers/CMSIS/Include -O0 -ffunction-sections -fdata-sections -Wall -fstack-usage -MMD -MP -MF"Core/Src/main.d" -MT"Core/Src/main.o" --specs=nano.specs -mfpu=fpv4-sp-d16 -mfloat-abi=hard -mthumb -o "Core/Src/main.o"
../Core/Src/main.c: In function 'main':
../Core/Src/main.c:107:26: warning: unused variable 'uartReturn' [-Wunused-variable]
  107 |        HAL_StatusTypeDef uartReturn = HAL_UART_Transmit(&huart3, buffer, 10, 50000);
      |                          ^~~~~~~~~~
arm-none-eabi-gcc -o "I2C_Slave.elf" @"objects.list"   -mcpu=cortex-m4 -T"E:\Kampus\NanoSat\Riset\Kedaireka\Code\Kedaireka_2022\OBC\I2C_Slave\STM32F413ZHTX_FLASH.ld" --specs=nosys.specs -Wl,-Map="I2C_Slave.map" -Wl,--gc-sections -static --specs=nano.specs -mfpu=fpv4-sp-d16 -mfloat-abi=hard -mthumb -Wl,--start-group -lc -lm -Wl,--end-group
Finished building target: I2C_Slave.elf
 
arm-none-eabi-size   I2C_Slave.elf 
arm-none-eabi-objdump -h -S  I2C_Slave.elf  > "I2C_Slave.list"
   text	   data	    bss	    dec	    hex	filename
  14632	     20	   3012	  17664	   4500	I2C_Slave.elf
Finished building: default.size.stdout
 
Finished building: I2C_Slave.list
 
17:06:07 **** Incremental Build of configuration Debug for project I2C_Slave ****
make -j16 all 
arm-none-eabi-gcc "../Core/Src/main.c" -mcpu=cortex-m4 -std=gnu11 -g3 -DDEBUG -DUSE_HAL_DRIVER -DSTM32F413xx -c -I../Core/Inc -I../Drivers/STM32F4xx_HAL_Driver/Inc -I../Drivers/STM32F4xx_HAL_Driver/Inc/Legacy -I../Drivers/CMSIS/Device/ST/STM32F4xx/Include -I../Drivers/CMSIS/Include -O0 -ffunction-sections -fdata-sections -Wall -fstack-usage -MMD -MP -MF"Core/Src/main.d" -MT"Core/Src/main.o" --specs=nano.specs -mfpu=fpv4-sp-d16 -mfloat-abi=hard -mthumb -o "Core/Src/main.o"
../Core/Src/main.c: In function 'main':
../Core/Src/main.c:103:7: warning: variable 'i' set but not used [-Wunused-but-set-variable]
  103 |   int i = 0;
      |       ^
arm-none-eabi-gcc -o "I2C_Slave.elf" @"objects.list"   -mcpu=cortex-m4 -T"E:\Kampus\NanoSat\Riset\Kedaireka\Code\Kedaireka_2022\OBC\I2C_Slave\STM32F413ZHTX_FLASH.ld" --specs=nosys.specs -Wl,-Map="I2C_Slave.map" -Wl,--gc-sections -static --specs=nano.specs -mfpu=fpv4-sp-d16 -mfloat-abi=hard -mthumb -Wl,--start-group -lc -lm -Wl,--end-group
Finished building target: I2C_Slave.elf
 
arm-none-eabi-size   I2C_Slave.elf 
arm-none-eabi-objdump -h -S  I2C_Slave.elf  > "I2C_Slave.list"
   text	   data	    bss	    dec	    hex	filename
  14640	     20	   3012	  17672	   4508	I2C_Slave.elf
Finished building: default.size.stdout
 
Finished building: I2C_Slave.list
 
17:07:51 **** Incremental Build of configuration Debug for project I2C_Slave ****
make -j16 all 
arm-none-eabi-gcc "../Core/Src/main.c" -mcpu=cortex-m4 -std=gnu11 -g3 -DDEBUG -DUSE_HAL_DRIVER -DSTM32F413xx -c -I../Core/Inc -I../Drivers/STM32F4xx_HAL_Driver/Inc -I../Drivers/STM32F4xx_HAL_Driver/Inc/Legacy -I../Drivers/CMSIS/Device/ST/STM32F4xx/Include -I../Drivers/CMSIS/Include -O0 -ffunction-sections -fdata-sections -Wall -fstack-usage -MMD -MP -MF"Core/Src/main.d" -MT"Core/Src/main.o" --specs=nano.specs -mfpu=fpv4-sp-d16 -mfloat-abi=hard -mthumb -o "Core/Src/main.o"
../Core/Src/main.c: In function 'main':
../Core/Src/main.c:108:18: warning: pointer targets in passing argument 1 of 'send_uart' differ in signedness [-Wpointer-sign]
  108 |        send_uart(buffer);
      |                  ^~~~~~
      |                  |
      |                  uint8_t * {aka unsigned char *}
../Core/Src/main.c:64:22: note: expected 'char *' but argument is of type 'uint8_t *' {aka 'unsigned char *'}
   64 | void send_uart(char *string){
      |                ~~~~~~^~~~~~
../Core/Src/main.c:103:7: warning: variable 'i' set but not used [-Wunused-but-set-variable]
  103 |   int i = 0;
      |       ^
arm-none-eabi-gcc -o "I2C_Slave.elf" @"objects.list"   -mcpu=cortex-m4 -T"E:\Kampus\NanoSat\Riset\Kedaireka\Code\Kedaireka_2022\OBC\I2C_Slave\STM32F413ZHTX_FLASH.ld" --specs=nosys.specs -Wl,-Map="I2C_Slave.map" -Wl,--gc-sections -static --specs=nano.specs -mfpu=fpv4-sp-d16 -mfloat-abi=hard -mthumb -Wl,--start-group -lc -lm -Wl,--end-group
Finished building target: I2C_Slave.elf
 
arm-none-eabi-size   I2C_Slave.elf 
arm-none-eabi-objdump -h -S  I2C_Slave.elf  > "I2C_Slave.list"
   text	   data	    bss	    dec	    hex	filename
  14648	     20	   3012	  17680	   4510	I2C_Slave.elf
Finished building: default.size.stdout
 
Finished building: I2C_Slave.list
 
17:09:07 **** Incremental Build of configuration Debug for project I2C_Slave ****
make -j16 all 
arm-none-eabi-gcc "../Core/Src/main.c" -mcpu=cortex-m4 -std=gnu11 -g3 -DDEBUG -DUSE_HAL_DRIVER -DSTM32F413xx -c -I../Core/Inc -I../Drivers/STM32F4xx_HAL_Driver/Inc -I../Drivers/STM32F4xx_HAL_Driver/Inc/Legacy -I../Drivers/CMSIS/Device/ST/STM32F4xx/Include -I../Drivers/CMSIS/Include -O0 -ffunction-sections -fdata-sections -Wall -fstack-usage -MMD -MP -MF"Core/Src/main.d" -MT"Core/Src/main.o" --specs=nano.specs -mfpu=fpv4-sp-d16 -mfloat-abi=hard -mthumb -o "Core/Src/main.o"
arm-none-eabi-gcc -o "I2C_Slave.elf" @"objects.list"   -mcpu=cortex-m4 -T"E:\Kampus\NanoSat\Riset\Kedaireka\Code\Kedaireka_2022\OBC\I2C_Slave\STM32F413ZHTX_FLASH.ld" --specs=nosys.specs -Wl,-Map="I2C_Slave.map" -Wl,--gc-sections -static --specs=nano.specs -mfpu=fpv4-sp-d16 -mfloat-abi=hard -mthumb -Wl,--start-group -lc -lm -Wl,--end-group
Finished building target: I2C_Slave.elf
 
arm-none-eabi-size   I2C_Slave.elf 
arm-none-eabi-objdump -h -S  I2C_Slave.elf  > "I2C_Slave.list"
   text	   data	    bss	    dec	    hex	filename
  14628	     20	   3012	  17660	   44fc	I2C_Slave.elf
Finished building: default.size.stdout
 
Finished building: I2C_Slave.list
 
17:10:43 **** Incremental Build of configuration Debug for project I2C_Master ****
make -j16 all 
arm-none-eabi-gcc "../Core/Src/main.c" -mcpu=cortex-m4 -std=gnu11 -g3 -DDEBUG -DUSE_HAL_DRIVER -DSTM32F446xx -c -I../Core/Inc -I../Drivers/STM32F4xx_HAL_Driver/Inc -I../Drivers/STM32F4xx_HAL_Driver/Inc/Legacy -I../Drivers/CMSIS/Device/ST/STM32F4xx/Include -I../Drivers/CMSIS/Include -O0 -ffunction-sections -fdata-sections -Wall -fstack-usage -MMD -MP -MF"Core/Src/main.d" -MT"Core/Src/main.o" --specs=nano.specs -mfpu=fpv4-sp-d16 -mfloat-abi=hard -mthumb -o "Core/Src/main.o"
../Core/Src/main.c: In function 'main':
../Core/Src/main.c:102:11: warning: unused variable 'sendBuffer' [-Wunused-variable]
  102 |   uint8_t sendBuffer[10] = {1, 2, 3, 4, 5, 6, 7, 8, 9, 10};
      |           ^~~~~~~~~~
arm-none-eabi-gcc -o "I2C_Master.elf" @"objects.list"   -mcpu=cortex-m4 -T"E:\Kampus\NanoSat\Riset\Kedaireka\Code\Kedaireka_2022\OBC\I2C_Master\STM32F446ZETX_FLASH.ld" --specs=nosys.specs -Wl,-Map="I2C_Master.map" -Wl,--gc-sections -static --specs=nano.specs -mfpu=fpv4-sp-d16 -mfloat-abi=hard -mthumb -Wl,--start-group -lc -lm -Wl,--end-group
Finished building target: I2C_Master.elf
 
arm-none-eabi-size   I2C_Master.elf 
arm-none-eabi-objdump -h -S  I2C_Master.elf  > "I2C_Master.list"
   text	   data	    bss	    dec	    hex	filename
  15968	     20	   3012	  19000	   4a38	I2C_Master.elf
Finished building: default.size.stdout
 
Finished building: I2C_Master.list
 
17:11:00 **** Incremental Build of configuration Debug for project I2C_Slave ****
make -j16 all 
arm-none-eabi-gcc "../Core/Src/main.c" -mcpu=cortex-m4 -std=gnu11 -g3 -DDEBUG -DUSE_HAL_DRIVER -DSTM32F413xx -c -I../Core/Inc -I../Drivers/STM32F4xx_HAL_Driver/Inc -I../Drivers/STM32F4xx_HAL_Driver/Inc/Legacy -I../Drivers/CMSIS/Device/ST/STM32F4xx/Include -I../Drivers/CMSIS/Include -O0 -ffunction-sections -fdata-sections -Wall -fstack-usage -MMD -MP -MF"Core/Src/main.d" -MT"Core/Src/main.o" --specs=nano.specs -mfpu=fpv4-sp-d16 -mfloat-abi=hard -mthumb -o "Core/Src/main.o"
../Core/Src/main.c: In function 'main':
../Core/Src/main.c:104:40: warning: pointer targets in passing argument 2 of 'HAL_I2C_Slave_Receive' differ in signedness [-Wpointer-sign]
  104 |       if(HAL_I2C_Slave_Receive(&hi2c1, buffer, 10, 50000) == HAL_OK){
      |                                        ^~~~~~
      |                                        |
      |                                        char *
In file included from ../Core/Inc/stm32f4xx_hal_conf.h:359,
                 from ../Drivers/STM32F4xx_HAL_Driver/Inc/stm32f4xx_hal.h:29,
                 from ../Core/Inc/main.h:30,
                 from ../Core/Src/main.c:20:
../Drivers/STM32F4xx_HAL_Driver/Inc/stm32f4xx_hal_i2c.h:569:75: note: expected 'uint8_t *' {aka 'unsigned char *'} but argument is of type 'char *'
  569 | HAL_StatusTypeDef HAL_I2C_Slave_Receive(I2C_HandleTypeDef *hi2c, uint8_t *pData, uint16_t Size, uint32_t Timeout);
      |                                                                  ~~~~~~~~~^~~~~
../Core/Src/main.c:107:35: warning: pointer targets in passing argument 2 of 'HAL_UART_Transmit' differ in signedness [-Wpointer-sign]
  107 |        HAL_UART_Transmit(&huart3, buffer, 20, 50000);
      |                                   ^~~~~~
      |                                   |
      |                                   char *
In file included from ../Core/Inc/stm32f4xx_hal_conf.h:407,
                 from ../Drivers/STM32F4xx_HAL_Driver/Inc/stm32f4xx_hal.h:29,
                 from ../Core/Inc/main.h:30,
                 from ../Core/Src/main.c:20:
../Drivers/STM32F4xx_HAL_Driver/Inc/stm32f4xx_hal_uart.h:722:79: note: expected 'const uint8_t *' {aka 'const unsigned char *'} but argument is of type 'char *'
  722 | HAL_StatusTypeDef HAL_UART_Transmit(UART_HandleTypeDef *huart, const uint8_t *pData, uint16_t Size, uint32_t Timeout);
      |                                                                ~~~~~~~~~~~~~~~^~~~~
arm-none-eabi-gcc -o "I2C_Slave.elf" @"objects.list"   -mcpu=cortex-m4 -T"E:\Kampus\NanoSat\Riset\Kedaireka\Code\Kedaireka_2022\OBC\I2C_Slave\STM32F413ZHTX_FLASH.ld" --specs=nosys.specs -Wl,-Map="I2C_Slave.map" -Wl,--gc-sections -static --specs=nano.specs -mfpu=fpv4-sp-d16 -mfloat-abi=hard -mthumb -Wl,--start-group -lc -lm -Wl,--end-group
Finished building target: I2C_Slave.elf
 
arm-none-eabi-size   I2C_Slave.elf 
arm-none-eabi-objdump -h -S  I2C_Slave.elf  > "I2C_Slave.list"
   text	   data	    bss	    dec	    hex	filename
  14632	     20	   3012	  17664	   4500	I2C_Slave.elf
Finished building: default.size.stdout
 
Finished building: I2C_Slave.list
 
17:14:53 **** Incremental Build of configuration Debug for project I2C_Master ****
make -j16 all 
arm-none-eabi-gcc "../Core/Src/main.c" -mcpu=cortex-m4 -std=gnu11 -g3 -DDEBUG -DUSE_HAL_DRIVER -DSTM32F446xx -c -I../Core/Inc -I../Drivers/STM32F4xx_HAL_Driver/Inc -I../Drivers/STM32F4xx_HAL_Driver/Inc/Legacy -I../Drivers/CMSIS/Device/ST/STM32F4xx/Include -I../Drivers/CMSIS/Include -O0 -ffunction-sections -fdata-sections -Wall -fstack-usage -MMD -MP -MF"Core/Src/main.d" -MT"Core/Src/main.o" --specs=nano.specs -mfpu=fpv4-sp-d16 -mfloat-abi=hard -mthumb -o "Core/Src/main.o"
../Core/Src/main.c: In function 'main':
../Core/Src/main.c:102:11: warning: unused variable 'sendBuffer' [-Wunused-variable]
  102 |   uint8_t sendBuffer[10] = {1, 2, 3, 4, 5, 6, 7, 8, 9, 10};
      |           ^~~~~~~~~~
arm-none-eabi-gcc -o "I2C_Master.elf" @"objects.list"   -mcpu=cortex-m4 -T"E:\Kampus\NanoSat\Riset\Kedaireka\Code\Kedaireka_2022\OBC\I2C_Master\STM32F446ZETX_FLASH.ld" --specs=nosys.specs -Wl,-Map="I2C_Master.map" -Wl,--gc-sections -static --specs=nano.specs -mfpu=fpv4-sp-d16 -mfloat-abi=hard -mthumb -Wl,--start-group -lc -lm -Wl,--end-group
Finished building target: I2C_Master.elf
 
arm-none-eabi-size   I2C_Master.elf 
arm-none-eabi-objdump -h -S  I2C_Master.elf  > "I2C_Master.list"
   text	   data	    bss	    dec	    hex	filename
  15952	     20	   3012	  18984	   4a28	I2C_Master.elf
Finished building: default.size.stdout
 
Finished building: I2C_Master.list
 
17:15:29 **** Incremental Build of configuration Debug for project I2C_Slave ****
make -j16 all 
arm-none-eabi-gcc "../Core/Src/main.c" -mcpu=cortex-m4 -std=gnu11 -g3 -DDEBUG -DUSE_HAL_DRIVER -DSTM32F413xx -c -I../Core/Inc -I../Drivers/STM32F4xx_HAL_Driver/Inc -I../Drivers/STM32F4xx_HAL_Driver/Inc/Legacy -I../Drivers/CMSIS/Device/ST/STM32F4xx/Include -I../Drivers/CMSIS/Include -O0 -ffunction-sections -fdata-sections -Wall -fstack-usage -MMD -MP -MF"Core/Src/main.d" -MT"Core/Src/main.o" --specs=nano.specs -mfpu=fpv4-sp-d16 -mfloat-abi=hard -mthumb -o "Core/Src/main.o"
../Core/Src/main.c: In function 'main':
../Core/Src/main.c:104:40: warning: pointer targets in passing argument 2 of 'HAL_I2C_Slave_Receive' differ in signedness [-Wpointer-sign]
  104 |       if(HAL_I2C_Slave_Receive(&hi2c1, buffer, 10, 50000) == HAL_OK){
      |                                        ^~~~~~
      |                                        |
      |                                        char *
In file included from ../Core/Inc/stm32f4xx_hal_conf.h:359,
                 from ../Drivers/STM32F4xx_HAL_Driver/Inc/stm32f4xx_hal.h:29,
                 from ../Core/Inc/main.h:30,
                 from ../Core/Src/main.c:20:
../Drivers/STM32F4xx_HAL_Driver/Inc/stm32f4xx_hal_i2c.h:569:75: note: expected 'uint8_t *' {aka 'unsigned char *'} but argument is of type 'char *'
  569 | HAL_StatusTypeDef HAL_I2C_Slave_Receive(I2C_HandleTypeDef *hi2c, uint8_t *pData, uint16_t Size, uint32_t Timeout);
      |                                                                  ~~~~~~~~~^~~~~
../Core/Src/main.c:107:35: warning: pointer targets in passing argument 2 of 'HAL_UART_Transmit' differ in signedness [-Wpointer-sign]
  107 |        HAL_UART_Transmit(&huart3, buffer, 5, 50000);
      |                                   ^~~~~~
      |                                   |
      |                                   char *
In file included from ../Core/Inc/stm32f4xx_hal_conf.h:407,
                 from ../Drivers/STM32F4xx_HAL_Driver/Inc/stm32f4xx_hal.h:29,
                 from ../Core/Inc/main.h:30,
                 from ../Core/Src/main.c:20:
../Drivers/STM32F4xx_HAL_Driver/Inc/stm32f4xx_hal_uart.h:722:79: note: expected 'const uint8_t *' {aka 'const unsigned char *'} but argument is of type 'char *'
  722 | HAL_StatusTypeDef HAL_UART_Transmit(UART_HandleTypeDef *huart, const uint8_t *pData, uint16_t Size, uint32_t Timeout);
      |                                                                ~~~~~~~~~~~~~~~^~~~~
arm-none-eabi-gcc -o "I2C_Slave.elf" @"objects.list"   -mcpu=cortex-m4 -T"E:\Kampus\NanoSat\Riset\Kedaireka\Code\Kedaireka_2022\OBC\I2C_Slave\STM32F413ZHTX_FLASH.ld" --specs=nosys.specs -Wl,-Map="I2C_Slave.map" -Wl,--gc-sections -static --specs=nano.specs -mfpu=fpv4-sp-d16 -mfloat-abi=hard -mthumb -Wl,--start-group -lc -lm -Wl,--end-group
Finished building target: I2C_Slave.elf
 
arm-none-eabi-size   I2C_Slave.elf 
arm-none-eabi-objdump -h -S  I2C_Slave.elf  > "I2C_Slave.list"
   text	   data	    bss	    dec	    hex	filename
  14624	     20	   3012	  17656	   44f8	I2C_Slave.elf
Finished building: default.size.stdout
 
Finished building: I2C_Slave.list
 
17:17:06 **** Incremental Build of configuration Debug for project I2C_Slave ****
make -j16 all 
arm-none-eabi-size   I2C_Slave.elf 
   text	   data	    bss	    dec	    hex	filename
  14624	     20	   3012	  17656	   44f8	I2C_Slave.elf
Finished building: default.size.stdout
 
17:18:13 **** Incremental Build of configuration Debug for project I2C_Slave ****
make -j16 all 
arm-none-eabi-gcc "../Core/Src/main.c" -mcpu=cortex-m4 -std=gnu11 -g3 -DDEBUG -DUSE_HAL_DRIVER -DSTM32F413xx -c -I../Core/Inc -I../Drivers/STM32F4xx_HAL_Driver/Inc -I../Drivers/STM32F4xx_HAL_Driver/Inc/Legacy -I../Drivers/CMSIS/Device/ST/STM32F4xx/Include -I../Drivers/CMSIS/Include -O0 -ffunction-sections -fdata-sections -Wall -fstack-usage -MMD -MP -MF"Core/Src/main.d" -MT"Core/Src/main.o" --specs=nano.specs -mfpu=fpv4-sp-d16 -mfloat-abi=hard -mthumb -o "Core/Src/main.o"
../Core/Src/main.c: In function 'main':
../Core/Src/main.c:104:40: warning: pointer targets in passing argument 2 of 'HAL_I2C_Slave_Receive' differ in signedness [-Wpointer-sign]
  104 |       if(HAL_I2C_Slave_Receive(&hi2c1, buffer, 5, 50000) == HAL_OK){
      |                                        ^~~~~~
      |                                        |
      |                                        char *
In file included from ../Core/Inc/stm32f4xx_hal_conf.h:359,
                 from ../Drivers/STM32F4xx_HAL_Driver/Inc/stm32f4xx_hal.h:29,
                 from ../Core/Inc/main.h:30,
                 from ../Core/Src/main.c:20:
../Drivers/STM32F4xx_HAL_Driver/Inc/stm32f4xx_hal_i2c.h:569:75: note: expected 'uint8_t *' {aka 'unsigned char *'} but argument is of type 'char *'
  569 | HAL_StatusTypeDef HAL_I2C_Slave_Receive(I2C_HandleTypeDef *hi2c, uint8_t *pData, uint16_t Size, uint32_t Timeout);
      |                                                                  ~~~~~~~~~^~~~~
../Core/Src/main.c:107:35: warning: pointer targets in passing argument 2 of 'HAL_UART_Transmit' differ in signedness [-Wpointer-sign]
  107 |        HAL_UART_Transmit(&huart3, buffer, 5, 50000);
      |                                   ^~~~~~
      |                                   |
      |                                   char *
In file included from ../Core/Inc/stm32f4xx_hal_conf.h:407,
                 from ../Drivers/STM32F4xx_HAL_Driver/Inc/stm32f4xx_hal.h:29,
                 from ../Core/Inc/main.h:30,
                 from ../Core/Src/main.c:20:
../Drivers/STM32F4xx_HAL_Driver/Inc/stm32f4xx_hal_uart.h:722:79: note: expected 'const uint8_t *' {aka 'const unsigned char *'} but argument is of type 'char *'
  722 | HAL_StatusTypeDef HAL_UART_Transmit(UART_HandleTypeDef *huart, const uint8_t *pData, uint16_t Size, uint32_t Timeout);
      |                                                                ~~~~~~~~~~~~~~~^~~~~
arm-none-eabi-gcc -o "I2C_Slave.elf" @"objects.list"   -mcpu=cortex-m4 -T"E:\Kampus\NanoSat\Riset\Kedaireka\Code\Kedaireka_2022\OBC\I2C_Slave\STM32F413ZHTX_FLASH.ld" --specs=nosys.specs -Wl,-Map="I2C_Slave.map" -Wl,--gc-sections -static --specs=nano.specs -mfpu=fpv4-sp-d16 -mfloat-abi=hard -mthumb -Wl,--start-group -lc -lm -Wl,--end-group
Finished building target: I2C_Slave.elf
 
arm-none-eabi-size   I2C_Slave.elf 
arm-none-eabi-objdump -h -S  I2C_Slave.elf  > "I2C_Slave.list"
   text	   data	    bss	    dec	    hex	filename
  14624	     20	   3012	  17656	   44f8	I2C_Slave.elf
Finished building: default.size.stdout
 
Finished building: I2C_Slave.list
 
15:53:18 **** Incremental Build of configuration Debug for project I2C_Master ****
make -j16 all 
arm-none-eabi-gcc "../Core/Src/main.c" -mcpu=cortex-m4 -std=gnu11 -g3 -DDEBUG -DUSE_HAL_DRIVER -DSTM32F446xx -c -I../Core/Inc -I../Drivers/STM32F4xx_HAL_Driver/Inc -I../Drivers/STM32F4xx_HAL_Driver/Inc/Legacy -I../Drivers/CMSIS/Device/ST/STM32F4xx/Include -I../Drivers/CMSIS/Include -O0 -ffunction-sections -fdata-sections -Wall -fstack-usage -MMD -MP -MF"Core/Src/main.d" -MT"Core/Src/main.o" --specs=nano.specs -mfpu=fpv4-sp-d16 -mfloat-abi=hard -mthumb -o "Core/Src/main.o"
../Core/Src/main.c: In function 'main':
../Core/Src/main.c:104:46: error: 'send' undeclared (first use in this function)
  104 |     if(HAL_I2C_Master_Transmit(&hi2c1, 0x5A, send, 5, 30000) == HAL_OK){
      |                                              ^~~~
../Core/Src/main.c:104:46: note: each undeclared identifier is reported only once for each function it appears in
../Core/Src/main.c:102:11: warning: unused variable 'sendBuffer' [-Wunused-variable]
  102 |   uint8_t sendBuffer[10] = {1, 2, 3, 4, 5, 6, 7, 8, 9, 10};
      |           ^~~~~~~~~~
make: *** [Core/Src/subdir.mk:34: Core/Src/main.o] Error 1
"make -j16 all" terminated with exit code 2. Build might be incomplete.
15:53:18 **** Incremental Build of configuration Debug for project I2C_Slave ****
make -j16 all 
arm-none-eabi-gcc "../Core/Src/main.c" -mcpu=cortex-m4 -std=gnu11 -g3 -DDEBUG -DUSE_HAL_DRIVER -DSTM32F413xx -c -I../Core/Inc -I../Drivers/STM32F4xx_HAL_Driver/Inc -I../Drivers/STM32F4xx_HAL_Driver/Inc/Legacy -I../Drivers/CMSIS/Device/ST/STM32F4xx/Include -I../Drivers/CMSIS/Include -O0 -ffunction-sections -fdata-sections -Wall -fstack-usage -MMD -MP -MF"Core/Src/main.d" -MT"Core/Src/main.o" --specs=nano.specs -mfpu=fpv4-sp-d16 -mfloat-abi=hard -mthumb -o "Core/Src/main.o"
../Core/Src/main.c: In function 'main':
../Core/Src/main.c:104:40: warning: pointer targets in passing argument 2 of 'HAL_I2C_Slave_Receive' differ in signedness [-Wpointer-sign]
  104 |       if(HAL_I2C_Slave_Receive(&hi2c1, buffer, 5, 50000) == HAL_OK){
      |                                        ^~~~~~
      |                                        |
      |                                        char *
In file included from ../Core/Inc/stm32f4xx_hal_conf.h:359,
                 from ../Drivers/STM32F4xx_HAL_Driver/Inc/stm32f4xx_hal.h:29,
                 from ../Core/Inc/main.h:30,
                 from ../Core/Src/main.c:20:
../Drivers/STM32F4xx_HAL_Driver/Inc/stm32f4xx_hal_i2c.h:569:75: note: expected 'uint8_t *' {aka 'unsigned char *'} but argument is of type 'char *'
  569 | HAL_StatusTypeDef HAL_I2C_Slave_Receive(I2C_HandleTypeDef *hi2c, uint8_t *pData, uint16_t Size, uint32_t Timeout);
      |                                                                  ~~~~~~~~~^~~~~
../Core/Src/main.c:107:35: warning: pointer targets in passing argument 2 of 'HAL_UART_Transmit' differ in signedness [-Wpointer-sign]
  107 |        HAL_UART_Transmit(&huart3, buffer, 5, 50000);
      |                                   ^~~~~~
      |                                   |
      |                                   char *
In file included from ../Core/Inc/stm32f4xx_hal_conf.h:407,
                 from ../Drivers/STM32F4xx_HAL_Driver/Inc/stm32f4xx_hal.h:29,
                 from ../Core/Inc/main.h:30,
                 from ../Core/Src/main.c:20:
../Drivers/STM32F4xx_HAL_Driver/Inc/stm32f4xx_hal_uart.h:722:79: note: expected 'const uint8_t *' {aka 'const unsigned char *'} but argument is of type 'char *'
  722 | HAL_StatusTypeDef HAL_UART_Transmit(UART_HandleTypeDef *huart, const uint8_t *pData, uint16_t Size, uint32_t Timeout);
      |                                                                ~~~~~~~~~~~~~~~^~~~~
arm-none-eabi-gcc -o "I2C_Slave.elf" @"objects.list"   -mcpu=cortex-m4 -T"E:\Kampus\NanoSat\Riset\Kedaireka\Code\Kedaireka_2022\OBC\I2C_Slave\STM32F413ZHTX_FLASH.ld" --specs=nosys.specs -Wl,-Map="I2C_Slave.map" -Wl,--gc-sections -static --specs=nano.specs -mfpu=fpv4-sp-d16 -mfloat-abi=hard -mthumb -Wl,--start-group -lc -lm -Wl,--end-group
Finished building target: I2C_Slave.elf
 
arm-none-eabi-size   I2C_Slave.elf 
arm-none-eabi-objdump -h -S  I2C_Slave.elf  > "I2C_Slave.list"
   text	   data	    bss	    dec	    hex	filename
  14624	     20	   3012	  17656	   44f8	I2C_Slave.elf
Finished building: default.size.stdout
 
Finished building: I2C_Slave.list
 
15:53:34 **** Incremental Build of configuration Debug for project I2C_Master ****
make -j16 all 
arm-none-eabi-gcc "../Core/Src/main.c" -mcpu=cortex-m4 -std=gnu11 -g3 -DDEBUG -DUSE_HAL_DRIVER -DSTM32F446xx -c -I../Core/Inc -I../Drivers/STM32F4xx_HAL_Driver/Inc -I../Drivers/STM32F4xx_HAL_Driver/Inc/Legacy -I../Drivers/CMSIS/Device/ST/STM32F4xx/Include -I../Drivers/CMSIS/Include -O0 -ffunction-sections -fdata-sections -Wall -fstack-usage -MMD -MP -MF"Core/Src/main.d" -MT"Core/Src/main.o" --specs=nano.specs -mfpu=fpv4-sp-d16 -mfloat-abi=hard -mthumb -o "Core/Src/main.o"
arm-none-eabi-gcc -o "I2C_Master.elf" @"objects.list"   -mcpu=cortex-m4 -T"E:\Kampus\NanoSat\Riset\Kedaireka\Code\Kedaireka_2022\OBC\I2C_Master\STM32F446ZETX_FLASH.ld" --specs=nosys.specs -Wl,-Map="I2C_Master.map" -Wl,--gc-sections -static --specs=nano.specs -mfpu=fpv4-sp-d16 -mfloat-abi=hard -mthumb -Wl,--start-group -lc -lm -Wl,--end-group
Finished building target: I2C_Master.elf
 
arm-none-eabi-size   I2C_Master.elf 
arm-none-eabi-objdump -h -S  I2C_Master.elf  > "I2C_Master.list"
   text	   data	    bss	    dec	    hex	filename
  15940	     20	   3012	  18972	   4a1c	I2C_Master.elf
Finished building: default.size.stdout
 
Finished building: I2C_Master.list
 
16:01:11 **** Incremental Build of configuration Debug for project I2C_Slave ****
make -j16 all 
arm-none-eabi-gcc "../Core/Src/main.c" -mcpu=cortex-m4 -std=gnu11 -g3 -DDEBUG -DUSE_HAL_DRIVER -DSTM32F413xx -c -I../Core/Inc -I../Drivers/STM32F4xx_HAL_Driver/Inc -I../Drivers/STM32F4xx_HAL_Driver/Inc/Legacy -I../Drivers/CMSIS/Device/ST/STM32F4xx/Include -I../Drivers/CMSIS/Include -O0 -ffunction-sections -fdata-sections -Wall -fstack-usage -MMD -MP -MF"Core/Src/main.d" -MT"Core/Src/main.o" --specs=nano.specs -mfpu=fpv4-sp-d16 -mfloat-abi=hard -mthumb -o "Core/Src/main.o"
../Core/Src/main.c: In function 'send_uart_int':
../Core/Src/main.c:71:2: error: variable-sized object may not be initialized
   71 |  char output2Uart[len] = "";
      |  ^~~~
../Core/Src/main.c:73:18: warning: implicit declaration of function 'sprintf' [-Wimplicit-function-declaration]
   73 |   output2Uart += sprintf(&output2Uart[i], "%d", arrayInt[i]);
      |                  ^~~~~~~
../Core/Src/main.c:73:18: warning: incompatible implicit declaration of built-in function 'sprintf'
../Core/Src/main.c:25:1: note: include '<stdio.h>' or provide a declaration of 'sprintf'
   24 | #include "string.h"
  +++ |+#include <stdio.h>
   25 | /* USER CODE END Includes */
../Core/Src/main.c:73:15: error: assignment to expression with array type
   73 |   output2Uart += sprintf(&output2Uart[i], "%d", arrayInt[i]);
      |               ^~
make: *** [Core/Src/subdir.mk:34: Core/Src/main.o] Error 1
"make -j16 all" terminated with exit code 2. Build might be incomplete.
16:01:40 **** Incremental Build of configuration Debug for project I2C_Slave ****
make -j16 all 
arm-none-eabi-gcc "../Core/Src/main.c" -mcpu=cortex-m4 -std=gnu11 -g3 -DDEBUG -DUSE_HAL_DRIVER -DSTM32F413xx -c -I../Core/Inc -I../Drivers/STM32F4xx_HAL_Driver/Inc -I../Drivers/STM32F4xx_HAL_Driver/Inc/Legacy -I../Drivers/CMSIS/Device/ST/STM32F4xx/Include -I../Drivers/CMSIS/Include -O0 -ffunction-sections -fdata-sections -Wall -fstack-usage -MMD -MP -MF"Core/Src/main.d" -MT"Core/Src/main.o" --specs=nano.specs -mfpu=fpv4-sp-d16 -mfloat-abi=hard -mthumb -o "Core/Src/main.o"
../Core/Src/main.c: In function 'send_uart_int':
../Core/Src/main.c:71:2: error: variable-sized object may not be initialized
   71 |  char output2Uart[len] = "";
      |  ^~~~
../Core/Src/main.c:73:3: warning: implicit declaration of function 'sprintf' [-Wimplicit-function-declaration]
   73 |   sprintf(&output2Uart[i], "%d", arrayInt[i]);
      |   ^~~~~~~
../Core/Src/main.c:73:3: warning: incompatible implicit declaration of built-in function 'sprintf'
../Core/Src/main.c:25:1: note: include '<stdio.h>' or provide a declaration of 'sprintf'
   24 | #include "string.h"
  +++ |+#include <stdio.h>
   25 | /* USER CODE END Includes */
make: *** [Core/Src/subdir.mk:34: Core/Src/main.o] Error 1
"make -j16 all" terminated with exit code 2. Build might be incomplete.
16:01:57 **** Incremental Build of configuration Debug for project I2C_Slave ****
make -j16 all 
arm-none-eabi-gcc "../Core/Src/main.c" -mcpu=cortex-m4 -std=gnu11 -g3 -DDEBUG -DUSE_HAL_DRIVER -DSTM32F413xx -c -I../Core/Inc -I../Drivers/STM32F4xx_HAL_Driver/Inc -I../Drivers/STM32F4xx_HAL_Driver/Inc/Legacy -I../Drivers/CMSIS/Device/ST/STM32F4xx/Include -I../Drivers/CMSIS/Include -O0 -ffunction-sections -fdata-sections -Wall -fstack-usage -MMD -MP -MF"Core/Src/main.d" -MT"Core/Src/main.o" --specs=nano.specs -mfpu=fpv4-sp-d16 -mfloat-abi=hard -mthumb -o "Core/Src/main.o"
../Core/Src/main.c: In function 'send_uart_int':
../Core/Src/main.c:73:3: warning: implicit declaration of function 'sprintf' [-Wimplicit-function-declaration]
   73 |   sprintf(&output2Uart[i], "%d", arrayInt[i]);
      |   ^~~~~~~
../Core/Src/main.c:73:3: warning: incompatible implicit declaration of built-in function 'sprintf'
../Core/Src/main.c:25:1: note: include '<stdio.h>' or provide a declaration of 'sprintf'
   24 | #include "string.h"
  +++ |+#include <stdio.h>
   25 | /* USER CODE END Includes */
arm-none-eabi-gcc -o "I2C_Slave.elf" @"objects.list"   -mcpu=cortex-m4 -T"E:\Kampus\NanoSat\Riset\Kedaireka\Code\Kedaireka_2022\OBC\I2C_Slave\STM32F413ZHTX_FLASH.ld" --specs=nosys.specs -Wl,-Map="I2C_Slave.map" -Wl,--gc-sections -static --specs=nano.specs -mfpu=fpv4-sp-d16 -mfloat-abi=hard -mthumb -Wl,--start-group -lc -lm -Wl,--end-group
Finished building target: I2C_Slave.elf
 
arm-none-eabi-size   I2C_Slave.elf 
arm-none-eabi-objdump -h -S  I2C_Slave.elf  > "I2C_Slave.list"
   text	   data	    bss	    dec	    hex	filename
  17308	    120	   3032	  20460	   4fec	I2C_Slave.elf
Finished building: default.size.stdout
 
Finished building: I2C_Slave.list
 
16:03:26 **** Incremental Build of configuration Debug for project I2C_Slave ****
make -j16 all 
arm-none-eabi-size   I2C_Slave.elf 
   text	   data	    bss	    dec	    hex	filename
  17308	    120	   3032	  20460	   4fec	I2C_Slave.elf
Finished building: default.size.stdout
 
16:09:35 **** Incremental Build of configuration Debug for project I2C_Master ****
make -j16 all 
arm-none-eabi-gcc "../Core/Src/main.c" -mcpu=cortex-m4 -std=gnu11 -g3 -DDEBUG -DUSE_HAL_DRIVER -DSTM32F446xx -c -I../Core/Inc -I../Drivers/STM32F4xx_HAL_Driver/Inc -I../Drivers/STM32F4xx_HAL_Driver/Inc/Legacy -I../Drivers/CMSIS/Device/ST/STM32F4xx/Include -I../Drivers/CMSIS/Include -O0 -ffunction-sections -fdata-sections -Wall -fstack-usage -MMD -MP -MF"Core/Src/main.d" -MT"Core/Src/main.o" --specs=nano.specs -mfpu=fpv4-sp-d16 -mfloat-abi=hard -mthumb -o "Core/Src/main.o"
arm-none-eabi-gcc -o "I2C_Master.elf" @"objects.list"   -mcpu=cortex-m4 -T"E:\Kampus\NanoSat\Riset\Kedaireka\Code\Kedaireka_2022\OBC\I2C_Master\STM32F446ZETX_FLASH.ld" --specs=nosys.specs -Wl,-Map="I2C_Master.map" -Wl,--gc-sections -static --specs=nano.specs -mfpu=fpv4-sp-d16 -mfloat-abi=hard -mthumb -Wl,--start-group -lc -lm -Wl,--end-group
Finished building target: I2C_Master.elf
 
arm-none-eabi-size   I2C_Master.elf 
arm-none-eabi-objdump -h -S  I2C_Master.elf  > "I2C_Master.list"
   text	   data	    bss	    dec	    hex	filename
  15940	     20	   3012	  18972	   4a1c	I2C_Master.elf
Finished building: default.size.stdout
 
Finished building: I2C_Master.list
 
16:10:24 **** Incremental Build of configuration Debug for project I2C_Slave ****
make -j16 all 
arm-none-eabi-size   I2C_Slave.elf 
   text	   data	    bss	    dec	    hex	filename
  17308	    120	   3032	  20460	   4fec	I2C_Slave.elf
Finished building: default.size.stdout
 
16:11:30 **** Incremental Build of configuration Debug for project I2C_Slave ****
make -j16 all 
arm-none-eabi-gcc "../Core/Src/main.c" -mcpu=cortex-m4 -std=gnu11 -g3 -DDEBUG -DUSE_HAL_DRIVER -DSTM32F413xx -c -I../Core/Inc -I../Drivers/STM32F4xx_HAL_Driver/Inc -I../Drivers/STM32F4xx_HAL_Driver/Inc/Legacy -I../Drivers/CMSIS/Device/ST/STM32F4xx/Include -I../Drivers/CMSIS/Include -O0 -ffunction-sections -fdata-sections -Wall -fstack-usage -MMD -MP -MF"Core/Src/main.d" -MT"Core/Src/main.o" --specs=nano.specs -mfpu=fpv4-sp-d16 -mfloat-abi=hard -mthumb -o "Core/Src/main.o"
../Core/Src/main.c: In function 'send_uart_int':
../Core/Src/main.c:73:3: warning: implicit declaration of function 'sprintf' [-Wimplicit-function-declaration]
   73 |   sprintf(&output2Uart[i], "%d", arrayInt[i]);
      |   ^~~~~~~
../Core/Src/main.c:73:3: warning: incompatible implicit declaration of built-in function 'sprintf'
../Core/Src/main.c:25:1: note: include '<stdio.h>' or provide a declaration of 'sprintf'
   24 | #include "string.h"
  +++ |+#include <stdio.h>
   25 | /* USER CODE END Includes */
../Core/Src/main.c: In function 'main':
../Core/Src/main.c:113:40: warning: passing argument 2 of 'HAL_I2C_Slave_Receive' from incompatible pointer type [-Wincompatible-pointer-types]
  113 |       if(HAL_I2C_Slave_Receive(&hi2c1, &receivebuffer, 10, 50000) == HAL_OK){
      |                                        ^~~~~~~~~~~~~~
      |                                        |
      |                                        uint8_t (*)[10] {aka unsigned char (*)[10]}
In file included from ../Core/Inc/stm32f4xx_hal_conf.h:359,
                 from ../Drivers/STM32F4xx_HAL_Driver/Inc/stm32f4xx_hal.h:29,
                 from ../Core/Inc/main.h:30,
                 from ../Core/Src/main.c:20:
../Drivers/STM32F4xx_HAL_Driver/Inc/stm32f4xx_hal_i2c.h:569:75: note: expected 'uint8_t *' {aka 'unsigned char *'} but argument is of type 'uint8_t (*)[10]' {aka 'unsigned char (*)[10]'}
  569 | HAL_StatusTypeDef HAL_I2C_Slave_Receive(I2C_HandleTypeDef *hi2c, uint8_t *pData, uint16_t Size, uint32_t Timeout);
      |                                                                  ~~~~~~~~~^~~~~
arm-none-eabi-gcc -o "I2C_Slave.elf" @"objects.list"   -mcpu=cortex-m4 -T"E:\Kampus\NanoSat\Riset\Kedaireka\Code\Kedaireka_2022\OBC\I2C_Slave\STM32F413ZHTX_FLASH.ld" --specs=nosys.specs -Wl,-Map="I2C_Slave.map" -Wl,--gc-sections -static --specs=nano.specs -mfpu=fpv4-sp-d16 -mfloat-abi=hard -mthumb -Wl,--start-group -lc -lm -Wl,--end-group
Finished building target: I2C_Slave.elf
 
arm-none-eabi-size   I2C_Slave.elf 
arm-none-eabi-objdump -h -S  I2C_Slave.elf  > "I2C_Slave.list"
   text	   data	    bss	    dec	    hex	filename
  17308	    120	   3032	  20460	   4fec	I2C_Slave.elf
Finished building: default.size.stdout
 
Finished building: I2C_Slave.list
 
16:12:50 **** Incremental Build of configuration Debug for project I2C_Slave ****
make -j16 all 
arm-none-eabi-gcc "../Core/Src/main.c" -mcpu=cortex-m4 -std=gnu11 -g3 -DDEBUG -DUSE_HAL_DRIVER -DSTM32F413xx -c -I../Core/Inc -I../Drivers/STM32F4xx_HAL_Driver/Inc -I../Drivers/STM32F4xx_HAL_Driver/Inc/Legacy -I../Drivers/CMSIS/Device/ST/STM32F4xx/Include -I../Drivers/CMSIS/Include -O0 -ffunction-sections -fdata-sections -Wall -fstack-usage -MMD -MP -MF"Core/Src/main.d" -MT"Core/Src/main.o" --specs=nano.specs -mfpu=fpv4-sp-d16 -mfloat-abi=hard -mthumb -o "Core/Src/main.o"
../Core/Src/main.c: In function 'send_uart_int':
../Core/Src/main.c:73:3: warning: implicit declaration of function 'sprintf' [-Wimplicit-function-declaration]
   73 |   sprintf(&output2Uart[i], "%d", arrayInt[i]);
      |   ^~~~~~~
../Core/Src/main.c:73:3: warning: incompatible implicit declaration of built-in function 'sprintf'
../Core/Src/main.c:25:1: note: include '<stdio.h>' or provide a declaration of 'sprintf'
   24 | #include "string.h"
  +++ |+#include <stdio.h>
   25 | /* USER CODE END Includes */
arm-none-eabi-gcc -o "I2C_Slave.elf" @"objects.list"   -mcpu=cortex-m4 -T"E:\Kampus\NanoSat\Riset\Kedaireka\Code\Kedaireka_2022\OBC\I2C_Slave\STM32F413ZHTX_FLASH.ld" --specs=nosys.specs -Wl,-Map="I2C_Slave.map" -Wl,--gc-sections -static --specs=nano.specs -mfpu=fpv4-sp-d16 -mfloat-abi=hard -mthumb -Wl,--start-group -lc -lm -Wl,--end-group
Finished building target: I2C_Slave.elf
 
arm-none-eabi-size   I2C_Slave.elf 
arm-none-eabi-objdump -h -S  I2C_Slave.elf  > "I2C_Slave.list"
   text	   data	    bss	    dec	    hex	filename
  17308	    120	   3032	  20460	   4fec	I2C_Slave.elf
Finished building: default.size.stdout
 
Finished building: I2C_Slave.list
 
16:13:03 **** Incremental Build of configuration Debug for project I2C_Master ****
make -j16 all 
arm-none-eabi-gcc "../Core/Src/main.c" -mcpu=cortex-m4 -std=gnu11 -g3 -DDEBUG -DUSE_HAL_DRIVER -DSTM32F446xx -c -I../Core/Inc -I../Drivers/STM32F4xx_HAL_Driver/Inc -I../Drivers/STM32F4xx_HAL_Driver/Inc/Legacy -I../Drivers/CMSIS/Device/ST/STM32F4xx/Include -I../Drivers/CMSIS/Include -O0 -ffunction-sections -fdata-sections -Wall -fstack-usage -MMD -MP -MF"Core/Src/main.d" -MT"Core/Src/main.o" --specs=nano.specs -mfpu=fpv4-sp-d16 -mfloat-abi=hard -mthumb -o "Core/Src/main.o"
arm-none-eabi-gcc -o "I2C_Master.elf" @"objects.list"   -mcpu=cortex-m4 -T"E:\Kampus\NanoSat\Riset\Kedaireka\Code\Kedaireka_2022\OBC\I2C_Master\STM32F446ZETX_FLASH.ld" --specs=nosys.specs -Wl,-Map="I2C_Master.map" -Wl,--gc-sections -static --specs=nano.specs -mfpu=fpv4-sp-d16 -mfloat-abi=hard -mthumb -Wl,--start-group -lc -lm -Wl,--end-group
Finished building target: I2C_Master.elf
 
arm-none-eabi-size   I2C_Master.elf 
arm-none-eabi-objdump -h -S  I2C_Master.elf  > "I2C_Master.list"
   text	   data	    bss	    dec	    hex	filename
  15940	     20	   3012	  18972	   4a1c	I2C_Master.elf
Finished building: default.size.stdout
 
Finished building: I2C_Master.list
 
16:14:08 **** Incremental Build of configuration Debug for project I2C_Slave ****
make -j16 all 
arm-none-eabi-size   I2C_Slave.elf 
   text	   data	    bss	    dec	    hex	filename
  17308	    120	   3032	  20460	   4fec	I2C_Slave.elf
Finished building: default.size.stdout
 
16:14:55 **** Incremental Build of configuration Debug for project I2C_Slave ****
make -j16 all 
arm-none-eabi-size   I2C_Slave.elf 
   text	   data	    bss	    dec	    hex	filename
  17308	    120	   3032	  20460	   4fec	I2C_Slave.elf
Finished building: default.size.stdout
 
16:16:22 **** Incremental Build of configuration Debug for project I2C_Slave ****
make -j16 all 
arm-none-eabi-gcc "../Core/Src/main.c" -mcpu=cortex-m4 -std=gnu11 -g3 -DDEBUG -DUSE_HAL_DRIVER -DSTM32F413xx -c -I../Core/Inc -I../Drivers/STM32F4xx_HAL_Driver/Inc -I../Drivers/STM32F4xx_HAL_Driver/Inc/Legacy -I../Drivers/CMSIS/Device/ST/STM32F4xx/Include -I../Drivers/CMSIS/Include -O0 -ffunction-sections -fdata-sections -Wall -fstack-usage -MMD -MP -MF"Core/Src/main.d" -MT"Core/Src/main.o" --specs=nano.specs -mfpu=fpv4-sp-d16 -mfloat-abi=hard -mthumb -o "Core/Src/main.o"
../Core/Src/main.c: In function 'main':
../Core/Src/main.c:117:29: error: 'arrayInt' undeclared (first use in this function)
  117 |        uint8_t len = sizeof(arrayInt);
      |                             ^~~~~~~~
../Core/Src/main.c:117:29: note: each undeclared identifier is reported only once for each function it appears in
../Core/Src/main.c:120:10: warning: implicit declaration of function 'sprintf' [-Wimplicit-function-declaration]
  120 |          sprintf(&output2Uart[i], "%d", arrayInt[i]);
      |          ^~~~~~~
../Core/Src/main.c:120:10: warning: incompatible implicit declaration of built-in function 'sprintf'
../Core/Src/main.c:25:1: note: include '<stdio.h>' or provide a declaration of 'sprintf'
   24 | #include "string.h"
  +++ |+#include <stdio.h>
   25 | /* USER CODE END Includes */
make: *** [Core/Src/subdir.mk:34: Core/Src/main.o] Error 1
"make -j16 all" terminated with exit code 2. Build might be incomplete.
16:16:52 **** Incremental Build of configuration Debug for project I2C_Slave ****
make -j16 all 
arm-none-eabi-gcc "../Core/Src/main.c" -mcpu=cortex-m4 -std=gnu11 -g3 -DDEBUG -DUSE_HAL_DRIVER -DSTM32F413xx -c -I../Core/Inc -I../Drivers/STM32F4xx_HAL_Driver/Inc -I../Drivers/STM32F4xx_HAL_Driver/Inc/Legacy -I../Drivers/CMSIS/Device/ST/STM32F4xx/Include -I../Drivers/CMSIS/Include -O0 -ffunction-sections -fdata-sections -Wall -fstack-usage -MMD -MP -MF"Core/Src/main.d" -MT"Core/Src/main.o" --specs=nano.specs -mfpu=fpv4-sp-d16 -mfloat-abi=hard -mthumb -o "Core/Src/main.o"
../Core/Src/main.c: In function 'main':
../Core/Src/main.c:119:10: warning: implicit declaration of function 'sprintf' [-Wimplicit-function-declaration]
  119 |          sprintf(&output2Uart[i], "%d", arrayInt[i]);
      |          ^~~~~~~
../Core/Src/main.c:119:10: warning: incompatible implicit declaration of built-in function 'sprintf'
../Core/Src/main.c:25:1: note: include '<stdio.h>' or provide a declaration of 'sprintf'
   24 | #include "string.h"
  +++ |+#include <stdio.h>
   25 | /* USER CODE END Includes */
../Core/Src/main.c:119:41: error: 'arrayInt' undeclared (first use in this function)
  119 |          sprintf(&output2Uart[i], "%d", arrayInt[i]);
      |                                         ^~~~~~~~
../Core/Src/main.c:119:41: note: each undeclared identifier is reported only once for each function it appears in
make: *** [Core/Src/subdir.mk:34: Core/Src/main.o] Error 1
"make -j16 all" terminated with exit code 2. Build might be incomplete.
16:17:05 **** Incremental Build of configuration Debug for project I2C_Slave ****
make -j16 all 
arm-none-eabi-gcc "../Core/Src/main.c" -mcpu=cortex-m4 -std=gnu11 -g3 -DDEBUG -DUSE_HAL_DRIVER -DSTM32F413xx -c -I../Core/Inc -I../Drivers/STM32F4xx_HAL_Driver/Inc -I../Drivers/STM32F4xx_HAL_Driver/Inc/Legacy -I../Drivers/CMSIS/Device/ST/STM32F4xx/Include -I../Drivers/CMSIS/Include -O0 -ffunction-sections -fdata-sections -Wall -fstack-usage -MMD -MP -MF"Core/Src/main.d" -MT"Core/Src/main.o" --specs=nano.specs -mfpu=fpv4-sp-d16 -mfloat-abi=hard -mthumb -o "Core/Src/main.o"
../Core/Src/main.c: In function 'main':
../Core/Src/main.c:119:10: warning: implicit declaration of function 'sprintf' [-Wimplicit-function-declaration]
  119 |          sprintf(&output2Uart[i], "%d", receivebuffer[i]);
      |          ^~~~~~~
../Core/Src/main.c:119:10: warning: incompatible implicit declaration of built-in function 'sprintf'
../Core/Src/main.c:25:1: note: include '<stdio.h>' or provide a declaration of 'sprintf'
   24 | #include "string.h"
  +++ |+#include <stdio.h>
   25 | /* USER CODE END Includes */
arm-none-eabi-gcc -o "I2C_Slave.elf" @"objects.list"   -mcpu=cortex-m4 -T"E:\Kampus\NanoSat\Riset\Kedaireka\Code\Kedaireka_2022\OBC\I2C_Slave\STM32F413ZHTX_FLASH.ld" --specs=nosys.specs -Wl,-Map="I2C_Slave.map" -Wl,--gc-sections -static --specs=nano.specs -mfpu=fpv4-sp-d16 -mfloat-abi=hard -mthumb -Wl,--start-group -lc -lm -Wl,--end-group
Finished building target: I2C_Slave.elf
 
arm-none-eabi-size   I2C_Slave.elf 
arm-none-eabi-objdump -h -S  I2C_Slave.elf  > "I2C_Slave.list"
   text	   data	    bss	    dec	    hex	filename
  17276	    120	   3032	  20428	   4fcc	I2C_Slave.elf
Finished building: default.size.stdout
 
Finished building: I2C_Slave.list
 
16:20:20 **** Incremental Build of configuration Debug for project I2C_Slave ****
make -j16 all 
arm-none-eabi-gcc "../Core/Src/main.c" -mcpu=cortex-m4 -std=gnu11 -g3 -DDEBUG -DUSE_HAL_DRIVER -DSTM32F413xx -c -I../Core/Inc -I../Drivers/STM32F4xx_HAL_Driver/Inc -I../Drivers/STM32F4xx_HAL_Driver/Inc/Legacy -I../Drivers/CMSIS/Device/ST/STM32F4xx/Include -I../Drivers/CMSIS/Include -O0 -ffunction-sections -fdata-sections -Wall -fstack-usage -MMD -MP -MF"Core/Src/main.d" -MT"Core/Src/main.o" --specs=nano.specs -mfpu=fpv4-sp-d16 -mfloat-abi=hard -mthumb -o "Core/Src/main.o"
../Core/Src/main.c: In function 'send_uart_int':
../Core/Src/main.c:73:3: warning: implicit declaration of function 'sprintf' [-Wimplicit-function-declaration]
   73 |   sprintf(&output2Uart[i], "%d", arrayInt[i]);
      |   ^~~~~~~
../Core/Src/main.c:73:3: warning: incompatible implicit declaration of built-in function 'sprintf'
../Core/Src/main.c:25:1: note: include '<stdio.h>' or provide a declaration of 'sprintf'
   24 | #include "string.h"
  +++ |+#include <stdio.h>
   25 | /* USER CODE END Includes */
../Core/Src/main.c: In function 'main':
../Core/Src/main.c:119:21: error: assignment to expression with array type
  119 |         strReceived += (char)receivebuffer[i];
      |                     ^~
../Core/Src/main.c:111:8: warning: variable 'strReceived' set but not used [-Wunused-but-set-variable]
  111 |   char strReceived[10] = "";
      |        ^~~~~~~~~~~
make: *** [Core/Src/subdir.mk:34: Core/Src/main.o] Error 1
"make -j16 all" terminated with exit code 2. Build might be incomplete.
16:20:39 **** Incremental Build of configuration Debug for project I2C_Slave ****
make -j16 all 
arm-none-eabi-gcc "../Core/Src/main.c" -mcpu=cortex-m4 -std=gnu11 -g3 -DDEBUG -DUSE_HAL_DRIVER -DSTM32F413xx -c -I../Core/Inc -I../Drivers/STM32F4xx_HAL_Driver/Inc -I../Drivers/STM32F4xx_HAL_Driver/Inc/Legacy -I../Drivers/CMSIS/Device/ST/STM32F4xx/Include -I../Drivers/CMSIS/Include -O0 -ffunction-sections -fdata-sections -Wall -fstack-usage -MMD -MP -MF"Core/Src/main.d" -MT"Core/Src/main.o" --specs=nano.specs -mfpu=fpv4-sp-d16 -mfloat-abi=hard -mthumb -o "Core/Src/main.o"
../Core/Src/main.c: In function 'send_uart_int':
../Core/Src/main.c:73:3: warning: implicit declaration of function 'sprintf' [-Wimplicit-function-declaration]
   73 |   sprintf(&output2Uart[i], "%d", arrayInt[i]);
      |   ^~~~~~~
../Core/Src/main.c:73:3: warning: incompatible implicit declaration of built-in function 'sprintf'
../Core/Src/main.c:25:1: note: include '<stdio.h>' or provide a declaration of 'sprintf'
   24 | #include "string.h"
  +++ |+#include <stdio.h>
   25 | /* USER CODE END Includes */
arm-none-eabi-gcc -o "I2C_Slave.elf" @"objects.list"   -mcpu=cortex-m4 -T"E:\Kampus\NanoSat\Riset\Kedaireka\Code\Kedaireka_2022\OBC\I2C_Slave\STM32F413ZHTX_FLASH.ld" --specs=nosys.specs -Wl,-Map="I2C_Slave.map" -Wl,--gc-sections -static --specs=nano.specs -mfpu=fpv4-sp-d16 -mfloat-abi=hard -mthumb -Wl,--start-group -lc -lm -Wl,--end-group
Finished building target: I2C_Slave.elf
 
arm-none-eabi-size   I2C_Slave.elf 
arm-none-eabi-objdump -h -S  I2C_Slave.elf  > "I2C_Slave.list"
   text	   data	    bss	    dec	    hex	filename
  14680	     20	   3012	  17712	   4530	I2C_Slave.elf
Finished building: default.size.stdout
 
Finished building: I2C_Slave.list
 
16:22:08 **** Incremental Build of configuration Debug for project I2C_Slave ****
make -j16 all 
arm-none-eabi-size   I2C_Slave.elf 
   text	   data	    bss	    dec	    hex	filename
  14680	     20	   3012	  17712	   4530	I2C_Slave.elf
Finished building: default.size.stdout
 
16:23:24 **** Incremental Build of configuration Debug for project I2C_Slave ****
make -j16 all 
arm-none-eabi-gcc "../Core/Src/main.c" -mcpu=cortex-m4 -std=gnu11 -g3 -DDEBUG -DUSE_HAL_DRIVER -DSTM32F413xx -c -I../Core/Inc -I../Drivers/STM32F4xx_HAL_Driver/Inc -I../Drivers/STM32F4xx_HAL_Driver/Inc/Legacy -I../Drivers/CMSIS/Device/ST/STM32F4xx/Include -I../Drivers/CMSIS/Include -O0 -ffunction-sections -fdata-sections -Wall -fstack-usage -MMD -MP -MF"Core/Src/main.d" -MT"Core/Src/main.o" --specs=nano.specs -mfpu=fpv4-sp-d16 -mfloat-abi=hard -mthumb -o "Core/Src/main.o"
../Core/Src/main.c: In function 'send_uart_int':
../Core/Src/main.c:73:3: warning: implicit declaration of function 'sprintf' [-Wimplicit-function-declaration]
   73 |   sprintf(&output2Uart[i], "%d", arrayInt[i]);
      |   ^~~~~~~
../Core/Src/main.c:73:3: warning: incompatible implicit declaration of built-in function 'sprintf'
../Core/Src/main.c:25:1: note: include '<stdio.h>' or provide a declaration of 'sprintf'
   24 | #include "string.h"
  +++ |+#include <stdio.h>
   25 | /* USER CODE END Includes */
arm-none-eabi-gcc -o "I2C_Slave.elf" @"objects.list"   -mcpu=cortex-m4 -T"E:\Kampus\NanoSat\Riset\Kedaireka\Code\Kedaireka_2022\OBC\I2C_Slave\STM32F413ZHTX_FLASH.ld" --specs=nosys.specs -Wl,-Map="I2C_Slave.map" -Wl,--gc-sections -static --specs=nano.specs -mfpu=fpv4-sp-d16 -mfloat-abi=hard -mthumb -Wl,--start-group -lc -lm -Wl,--end-group
Finished building target: I2C_Slave.elf
 
arm-none-eabi-size   I2C_Slave.elf 
arm-none-eabi-objdump -h -S  I2C_Slave.elf  > "I2C_Slave.list"
   text	   data	    bss	    dec	    hex	filename
  14692	     20	   3012	  17724	   453c	I2C_Slave.elf
Finished building: default.size.stdout
 
Finished building: I2C_Slave.list
 
16:24:46 **** Incremental Build of configuration Debug for project I2C_Slave ****
make -j16 all 
arm-none-eabi-gcc "../Core/Src/main.c" -mcpu=cortex-m4 -std=gnu11 -g3 -DDEBUG -DUSE_HAL_DRIVER -DSTM32F413xx -c -I../Core/Inc -I../Drivers/STM32F4xx_HAL_Driver/Inc -I../Drivers/STM32F4xx_HAL_Driver/Inc/Legacy -I../Drivers/CMSIS/Device/ST/STM32F4xx/Include -I../Drivers/CMSIS/Include -O0 -ffunction-sections -fdata-sections -Wall -fstack-usage -MMD -MP -MF"Core/Src/main.d" -MT"Core/Src/main.o" --specs=nano.specs -mfpu=fpv4-sp-d16 -mfloat-abi=hard -mthumb -o "Core/Src/main.o"
../Core/Src/main.c: In function 'send_uart_int':
../Core/Src/main.c:73:3: warning: implicit declaration of function 'sprintf' [-Wimplicit-function-declaration]
   73 |   sprintf(&output2Uart[i], "%d", arrayInt[i]);
      |   ^~~~~~~
../Core/Src/main.c:73:3: warning: incompatible implicit declaration of built-in function 'sprintf'
../Core/Src/main.c:25:1: note: include '<stdio.h>' or provide a declaration of 'sprintf'
   24 | #include "string.h"
  +++ |+#include <stdio.h>
   25 | /* USER CODE END Includes */
arm-none-eabi-gcc -o "I2C_Slave.elf" @"objects.list"   -mcpu=cortex-m4 -T"E:\Kampus\NanoSat\Riset\Kedaireka\Code\Kedaireka_2022\OBC\I2C_Slave\STM32F413ZHTX_FLASH.ld" --specs=nosys.specs -Wl,-Map="I2C_Slave.map" -Wl,--gc-sections -static --specs=nano.specs -mfpu=fpv4-sp-d16 -mfloat-abi=hard -mthumb -Wl,--start-group -lc -lm -Wl,--end-group
Finished building target: I2C_Slave.elf
 
arm-none-eabi-size   I2C_Slave.elf 
arm-none-eabi-objdump -h -S  I2C_Slave.elf  > "I2C_Slave.list"
   text	   data	    bss	    dec	    hex	filename
  14700	     20	   3012	  17732	   4544	I2C_Slave.elf
Finished building: default.size.stdout
 
Finished building: I2C_Slave.list
 
16:25:36 **** Incremental Build of configuration Debug for project I2C_Slave ****
make -j16 all 
arm-none-eabi-gcc "../Core/Src/main.c" -mcpu=cortex-m4 -std=gnu11 -g3 -DDEBUG -DUSE_HAL_DRIVER -DSTM32F413xx -c -I../Core/Inc -I../Drivers/STM32F4xx_HAL_Driver/Inc -I../Drivers/STM32F4xx_HAL_Driver/Inc/Legacy -I../Drivers/CMSIS/Device/ST/STM32F4xx/Include -I../Drivers/CMSIS/Include -O0 -ffunction-sections -fdata-sections -Wall -fstack-usage -MMD -MP -MF"Core/Src/main.d" -MT"Core/Src/main.o" --specs=nano.specs -mfpu=fpv4-sp-d16 -mfloat-abi=hard -mthumb -o "Core/Src/main.o"
../Core/Src/main.c: In function 'send_uart_int':
../Core/Src/main.c:73:3: warning: implicit declaration of function 'sprintf' [-Wimplicit-function-declaration]
   73 |   sprintf(&output2Uart[i], "%d", arrayInt[i]);
      |   ^~~~~~~
../Core/Src/main.c:73:3: warning: incompatible implicit declaration of built-in function 'sprintf'
../Core/Src/main.c:25:1: note: include '<stdio.h>' or provide a declaration of 'sprintf'
   24 | #include "string.h"
  +++ |+#include <stdio.h>
   25 | /* USER CODE END Includes */
../Core/Src/main.c: In function 'main':
../Core/Src/main.c:121:35: warning: pointer targets in passing argument 2 of 'HAL_UART_Transmit' differ in signedness [-Wpointer-sign]
  121 |        HAL_UART_Transmit(&huart3, strReceived, 10, 2000);
      |                                   ^~~~~~~~~~~
      |                                   |
      |                                   char *
In file included from ../Core/Inc/stm32f4xx_hal_conf.h:407,
                 from ../Drivers/STM32F4xx_HAL_Driver/Inc/stm32f4xx_hal.h:29,
                 from ../Core/Inc/main.h:30,
                 from ../Core/Src/main.c:20:
../Drivers/STM32F4xx_HAL_Driver/Inc/stm32f4xx_hal_uart.h:722:79: note: expected 'const uint8_t *' {aka 'const unsigned char *'} but argument is of type 'char *'
  722 | HAL_StatusTypeDef HAL_UART_Transmit(UART_HandleTypeDef *huart, const uint8_t *pData, uint16_t Size, uint32_t Timeout);
      |                                                                ~~~~~~~~~~~~~~~^~~~~
arm-none-eabi-gcc -o "I2C_Slave.elf" @"objects.list"   -mcpu=cortex-m4 -T"E:\Kampus\NanoSat\Riset\Kedaireka\Code\Kedaireka_2022\OBC\I2C_Slave\STM32F413ZHTX_FLASH.ld" --specs=nosys.specs -Wl,-Map="I2C_Slave.map" -Wl,--gc-sections -static --specs=nano.specs -mfpu=fpv4-sp-d16 -mfloat-abi=hard -mthumb -Wl,--start-group -lc -lm -Wl,--end-group
Finished building target: I2C_Slave.elf
 
arm-none-eabi-size   I2C_Slave.elf 
arm-none-eabi-objdump -h -S  I2C_Slave.elf  > "I2C_Slave.list"
   text	   data	    bss	    dec	    hex	filename
  14700	     20	   3012	  17732	   4544	I2C_Slave.elf
Finished building: default.size.stdout
 
Finished building: I2C_Slave.list
 
16:26:13 **** Incremental Build of configuration Debug for project I2C_Slave ****
make -j16 all 
arm-none-eabi-gcc "../Core/Src/main.c" -mcpu=cortex-m4 -std=gnu11 -g3 -DDEBUG -DUSE_HAL_DRIVER -DSTM32F413xx -c -I../Core/Inc -I../Drivers/STM32F4xx_HAL_Driver/Inc -I../Drivers/STM32F4xx_HAL_Driver/Inc/Legacy -I../Drivers/CMSIS/Device/ST/STM32F4xx/Include -I../Drivers/CMSIS/Include -O0 -ffunction-sections -fdata-sections -Wall -fstack-usage -MMD -MP -MF"Core/Src/main.d" -MT"Core/Src/main.o" --specs=nano.specs -mfpu=fpv4-sp-d16 -mfloat-abi=hard -mthumb -o "Core/Src/main.o"
../Core/Src/main.c: In function 'send_uart_int':
../Core/Src/main.c:73:3: warning: implicit declaration of function 'sprintf' [-Wimplicit-function-declaration]
   73 |   sprintf(&output2Uart[i], "%d", arrayInt[i]);
      |   ^~~~~~~
../Core/Src/main.c:73:3: warning: incompatible implicit declaration of built-in function 'sprintf'
../Core/Src/main.c:25:1: note: include '<stdio.h>' or provide a declaration of 'sprintf'
   24 | #include "string.h"
  +++ |+#include <stdio.h>
   25 | /* USER CODE END Includes */
../Core/Src/main.c: In function 'main':
../Core/Src/main.c:121:35: warning: passing argument 2 of 'HAL_UART_Transmit' from incompatible pointer type [-Wincompatible-pointer-types]
  121 |        HAL_UART_Transmit(&huart3, &strReceived, 10, 2000);
      |                                   ^~~~~~~~~~~~
      |                                   |
      |                                   char (*)[10]
In file included from ../Core/Inc/stm32f4xx_hal_conf.h:407,
                 from ../Drivers/STM32F4xx_HAL_Driver/Inc/stm32f4xx_hal.h:29,
                 from ../Core/Inc/main.h:30,
                 from ../Core/Src/main.c:20:
../Drivers/STM32F4xx_HAL_Driver/Inc/stm32f4xx_hal_uart.h:722:79: note: expected 'const uint8_t *' {aka 'const unsigned char *'} but argument is of type 'char (*)[10]'
  722 | HAL_StatusTypeDef HAL_UART_Transmit(UART_HandleTypeDef *huart, const uint8_t *pData, uint16_t Size, uint32_t Timeout);
      |                                                                ~~~~~~~~~~~~~~~^~~~~
arm-none-eabi-gcc -o "I2C_Slave.elf" @"objects.list"   -mcpu=cortex-m4 -T"E:\Kampus\NanoSat\Riset\Kedaireka\Code\Kedaireka_2022\OBC\I2C_Slave\STM32F413ZHTX_FLASH.ld" --specs=nosys.specs -Wl,-Map="I2C_Slave.map" -Wl,--gc-sections -static --specs=nano.specs -mfpu=fpv4-sp-d16 -mfloat-abi=hard -mthumb -Wl,--start-group -lc -lm -Wl,--end-group
Finished building target: I2C_Slave.elf
 
arm-none-eabi-size   I2C_Slave.elf 
arm-none-eabi-objdump -h -S  I2C_Slave.elf  > "I2C_Slave.list"
   text	   data	    bss	    dec	    hex	filename
  14700	     20	   3012	  17732	   4544	I2C_Slave.elf
Finished building: default.size.stdout
 
Finished building: I2C_Slave.list
 
16:27:39 **** Incremental Build of configuration Debug for project I2C_Slave ****
make -j16 all 
arm-none-eabi-gcc "../Core/Src/main.c" -mcpu=cortex-m4 -std=gnu11 -g3 -DDEBUG -DUSE_HAL_DRIVER -DSTM32F413xx -c -I../Core/Inc -I../Drivers/STM32F4xx_HAL_Driver/Inc -I../Drivers/STM32F4xx_HAL_Driver/Inc/Legacy -I../Drivers/CMSIS/Device/ST/STM32F4xx/Include -I../Drivers/CMSIS/Include -O0 -ffunction-sections -fdata-sections -Wall -fstack-usage -MMD -MP -MF"Core/Src/main.d" -MT"Core/Src/main.o" --specs=nano.specs -mfpu=fpv4-sp-d16 -mfloat-abi=hard -mthumb -o "Core/Src/main.o"
../Core/Src/main.c: In function 'send_uart_int':
../Core/Src/main.c:73:3: warning: implicit declaration of function 'sprintf' [-Wimplicit-function-declaration]
   73 |   sprintf(&output2Uart[i], "%d", arrayInt[i]);
      |   ^~~~~~~
../Core/Src/main.c:73:3: warning: incompatible implicit declaration of built-in function 'sprintf'
../Core/Src/main.c:25:1: note: include '<stdio.h>' or provide a declaration of 'sprintf'
   24 | #include "string.h"
  +++ |+#include <stdio.h>
   25 | /* USER CODE END Includes */
arm-none-eabi-gcc -o "I2C_Slave.elf" @"objects.list"   -mcpu=cortex-m4 -T"E:\Kampus\NanoSat\Riset\Kedaireka\Code\Kedaireka_2022\OBC\I2C_Slave\STM32F413ZHTX_FLASH.ld" --specs=nosys.specs -Wl,-Map="I2C_Slave.map" -Wl,--gc-sections -static --specs=nano.specs -mfpu=fpv4-sp-d16 -mfloat-abi=hard -mthumb -Wl,--start-group -lc -lm -Wl,--end-group
Finished building target: I2C_Slave.elf
 
arm-none-eabi-size   I2C_Slave.elf 
arm-none-eabi-objdump -h -S  I2C_Slave.elf  > "I2C_Slave.list"
   text	   data	    bss	    dec	    hex	filename
  14700	     20	   3012	  17732	   4544	I2C_Slave.elf
Finished building: default.size.stdout
 
Finished building: I2C_Slave.list
 
16:29:22 **** Incremental Build of configuration Debug for project I2C_Slave ****
make -j16 all 
arm-none-eabi-gcc "../Core/Src/main.c" -mcpu=cortex-m4 -std=gnu11 -g3 -DDEBUG -DUSE_HAL_DRIVER -DSTM32F413xx -c -I../Core/Inc -I../Drivers/STM32F4xx_HAL_Driver/Inc -I../Drivers/STM32F4xx_HAL_Driver/Inc/Legacy -I../Drivers/CMSIS/Device/ST/STM32F4xx/Include -I../Drivers/CMSIS/Include -O0 -ffunction-sections -fdata-sections -Wall -fstack-usage -MMD -MP -MF"Core/Src/main.d" -MT"Core/Src/main.o" --specs=nano.specs -mfpu=fpv4-sp-d16 -mfloat-abi=hard -mthumb -o "Core/Src/main.o"
../Core/Src/main.c: In function 'convert2String':
../Core/Src/main.c:73:3: warning: implicit declaration of function 'sprintf' [-Wimplicit-function-declaration]
   73 |   sprintf(&output2Uart[i], "%d", arrayInt[i]);
      |   ^~~~~~~
../Core/Src/main.c:73:3: warning: incompatible implicit declaration of built-in function 'sprintf'
../Core/Src/main.c:25:1: note: include '<stdio.h>' or provide a declaration of 'sprintf'
   24 | #include "string.h"
  +++ |+#include <stdio.h>
   25 | /* USER CODE END Includes */
arm-none-eabi-gcc -o "I2C_Slave.elf" @"objects.list"   -mcpu=cortex-m4 -T"E:\Kampus\NanoSat\Riset\Kedaireka\Code\Kedaireka_2022\OBC\I2C_Slave\STM32F413ZHTX_FLASH.ld" --specs=nosys.specs -Wl,-Map="I2C_Slave.map" -Wl,--gc-sections -static --specs=nano.specs -mfpu=fpv4-sp-d16 -mfloat-abi=hard -mthumb -Wl,--start-group -lc -lm -Wl,--end-group
Finished building target: I2C_Slave.elf
 
arm-none-eabi-size   I2C_Slave.elf 
arm-none-eabi-objdump -h -S  I2C_Slave.elf  > "I2C_Slave.list"
   text	   data	    bss	    dec	    hex	filename
  14680	     20	   3012	  17712	   4530	I2C_Slave.elf
Finished building: default.size.stdout
 
Finished building: I2C_Slave.list
 
16:29:56 **** Incremental Build of configuration Debug for project I2C_Slave ****
make -j16 all 
arm-none-eabi-size   I2C_Slave.elf 
   text	   data	    bss	    dec	    hex	filename
  14680	     20	   3012	  17712	   4530	I2C_Slave.elf
Finished building: default.size.stdout
 
16:33:11 **** Incremental Build of configuration Debug for project I2C_Slave ****
make -j16 all 
arm-none-eabi-gcc "../Core/Src/main.c" -mcpu=cortex-m4 -std=gnu11 -g3 -DDEBUG -DUSE_HAL_DRIVER -DSTM32F413xx -c -I../Core/Inc -I../Drivers/STM32F4xx_HAL_Driver/Inc -I../Drivers/STM32F4xx_HAL_Driver/Inc/Legacy -I../Drivers/CMSIS/Device/ST/STM32F4xx/Include -I../Drivers/CMSIS/Include -O0 -ffunction-sections -fdata-sections -Wall -fstack-usage -MMD -MP -MF"Core/Src/main.d" -MT"Core/Src/main.o" --specs=nano.specs -mfpu=fpv4-sp-d16 -mfloat-abi=hard -mthumb -o "Core/Src/main.o"
../Core/Src/main.c: In function 'convert2String':
../Core/Src/main.c:73:3: warning: implicit declaration of function 'sprintf' [-Wimplicit-function-declaration]
   73 |   sprintf(&output2Uart[i], "%d", arrayInt[i]);
      |   ^~~~~~~
../Core/Src/main.c:73:3: warning: incompatible implicit declaration of built-in function 'sprintf'
../Core/Src/main.c:25:1: note: include '<stdio.h>' or provide a declaration of 'sprintf'
   24 | #include "string.h"
  +++ |+#include <stdio.h>
   25 | /* USER CODE END Includes */
../Core/Src/main.c: In function 'main':
../Core/Src/main.c:121:49: warning: passing argument 2 of 'HAL_UART_Transmit' makes pointer from integer without a cast [-Wint-conversion]
  121 |         HAL_UART_Transmit(&huart3, receivebuffer[i], 1, 2000);
      |                                    ~~~~~~~~~~~~~^~~
      |                                                 |
      |                                                 uint8_t {aka unsigned char}
In file included from ../Core/Inc/stm32f4xx_hal_conf.h:407,
                 from ../Drivers/STM32F4xx_HAL_Driver/Inc/stm32f4xx_hal.h:29,
                 from ../Core/Inc/main.h:30,
                 from ../Core/Src/main.c:20:
../Drivers/STM32F4xx_HAL_Driver/Inc/stm32f4xx_hal_uart.h:722:79: note: expected 'const uint8_t *' {aka 'const unsigned char *'} but argument is of type 'uint8_t' {aka 'unsigned char'}
  722 | HAL_StatusTypeDef HAL_UART_Transmit(UART_HandleTypeDef *huart, const uint8_t *pData, uint16_t Size, uint32_t Timeout);
      |                                                                ~~~~~~~~~~~~~~~^~~~~
../Core/Src/main.c:111:8: warning: unused variable 'strReceived' [-Wunused-variable]
  111 |   char strReceived[10] = "";
      |        ^~~~~~~~~~~
arm-none-eabi-gcc -o "I2C_Slave.elf" @"objects.list"   -mcpu=cortex-m4 -T"E:\Kampus\NanoSat\Riset\Kedaireka\Code\Kedaireka_2022\OBC\I2C_Slave\STM32F413ZHTX_FLASH.ld" --specs=nosys.specs -Wl,-Map="I2C_Slave.map" -Wl,--gc-sections -static --specs=nano.specs -mfpu=fpv4-sp-d16 -mfloat-abi=hard -mthumb -Wl,--start-group -lc -lm -Wl,--end-group
Finished building target: I2C_Slave.elf
 
arm-none-eabi-size   I2C_Slave.elf 
arm-none-eabi-objdump -h -S  I2C_Slave.elf  > "I2C_Slave.list"
   text	   data	    bss	    dec	    hex	filename
  14672	     20	   3012	  17704	   4528	I2C_Slave.elf
Finished building: default.size.stdout
 
Finished building: I2C_Slave.list
 
16:34:01 **** Incremental Build of configuration Debug for project I2C_Slave ****
make -j16 all 
arm-none-eabi-gcc "../Core/Src/main.c" -mcpu=cortex-m4 -std=gnu11 -g3 -DDEBUG -DUSE_HAL_DRIVER -DSTM32F413xx -c -I../Core/Inc -I../Drivers/STM32F4xx_HAL_Driver/Inc -I../Drivers/STM32F4xx_HAL_Driver/Inc/Legacy -I../Drivers/CMSIS/Device/ST/STM32F4xx/Include -I../Drivers/CMSIS/Include -O0 -ffunction-sections -fdata-sections -Wall -fstack-usage -MMD -MP -MF"Core/Src/main.d" -MT"Core/Src/main.o" --specs=nano.specs -mfpu=fpv4-sp-d16 -mfloat-abi=hard -mthumb -o "Core/Src/main.o"
../Core/Src/main.c: In function 'convert2String':
../Core/Src/main.c:73:3: warning: implicit declaration of function 'sprintf' [-Wimplicit-function-declaration]
   73 |   sprintf(&output2Uart[i], "%d", arrayInt[i]);
      |   ^~~~~~~
../Core/Src/main.c:73:3: warning: incompatible implicit declaration of built-in function 'sprintf'
../Core/Src/main.c:25:1: note: include '<stdio.h>' or provide a declaration of 'sprintf'
   24 | #include "string.h"
  +++ |+#include <stdio.h>
   25 | /* USER CODE END Includes */
arm-none-eabi-gcc -o "I2C_Slave.elf" @"objects.list"   -mcpu=cortex-m4 -T"E:\Kampus\NanoSat\Riset\Kedaireka\Code\Kedaireka_2022\OBC\I2C_Slave\STM32F413ZHTX_FLASH.ld" --specs=nosys.specs -Wl,-Map="I2C_Slave.map" -Wl,--gc-sections -static --specs=nano.specs -mfpu=fpv4-sp-d16 -mfloat-abi=hard -mthumb -Wl,--start-group -lc -lm -Wl,--end-group
Finished building target: I2C_Slave.elf
 
arm-none-eabi-size   I2C_Slave.elf 
arm-none-eabi-objdump -h -S  I2C_Slave.elf  > "I2C_Slave.list"
   text	   data	    bss	    dec	    hex	filename
  14636	     20	   3012	  17668	   4504	I2C_Slave.elf
Finished building: default.size.stdout
 
Finished building: I2C_Slave.list
 
16:34:23 **** Incremental Build of configuration Debug for project I2C_Slave ****
make -j16 all 
arm-none-eabi-gcc "../Core/Src/main.c" -mcpu=cortex-m4 -std=gnu11 -g3 -DDEBUG -DUSE_HAL_DRIVER -DSTM32F413xx -c -I../Core/Inc -I../Drivers/STM32F4xx_HAL_Driver/Inc -I../Drivers/STM32F4xx_HAL_Driver/Inc/Legacy -I../Drivers/CMSIS/Device/ST/STM32F4xx/Include -I../Drivers/CMSIS/Include -O0 -ffunction-sections -fdata-sections -Wall -fstack-usage -MMD -MP -MF"Core/Src/main.d" -MT"Core/Src/main.o" --specs=nano.specs -mfpu=fpv4-sp-d16 -mfloat-abi=hard -mthumb -o "Core/Src/main.o"
../Core/Src/main.c: In function 'convert2String':
../Core/Src/main.c:73:3: warning: implicit declaration of function 'sprintf' [-Wimplicit-function-declaration]
   73 |   sprintf(&output2Uart[i], "%d", arrayInt[i]);
      |   ^~~~~~~
../Core/Src/main.c:73:3: warning: incompatible implicit declaration of built-in function 'sprintf'
../Core/Src/main.c:25:1: note: include '<stdio.h>' or provide a declaration of 'sprintf'
   24 | #include "string.h"
  +++ |+#include <stdio.h>
   25 | /* USER CODE END Includes */
arm-none-eabi-gcc -o "I2C_Slave.elf" @"objects.list"   -mcpu=cortex-m4 -T"E:\Kampus\NanoSat\Riset\Kedaireka\Code\Kedaireka_2022\OBC\I2C_Slave\STM32F413ZHTX_FLASH.ld" --specs=nosys.specs -Wl,-Map="I2C_Slave.map" -Wl,--gc-sections -static --specs=nano.specs -mfpu=fpv4-sp-d16 -mfloat-abi=hard -mthumb -Wl,--start-group -lc -lm -Wl,--end-group
Finished building target: I2C_Slave.elf
 
arm-none-eabi-size   I2C_Slave.elf 
arm-none-eabi-objdump -h -S  I2C_Slave.elf  > "I2C_Slave.list"
   text	   data	    bss	    dec	    hex	filename
  14664	     20	   3012	  17696	   4520	I2C_Slave.elf
Finished building: default.size.stdout
 
Finished building: I2C_Slave.list
 
16:35:03 **** Incremental Build of configuration Debug for project I2C_Slave ****
make -j16 all 
arm-none-eabi-gcc "../Core/Src/main.c" -mcpu=cortex-m4 -std=gnu11 -g3 -DDEBUG -DUSE_HAL_DRIVER -DSTM32F413xx -c -I../Core/Inc -I../Drivers/STM32F4xx_HAL_Driver/Inc -I../Drivers/STM32F4xx_HAL_Driver/Inc/Legacy -I../Drivers/CMSIS/Device/ST/STM32F4xx/Include -I../Drivers/CMSIS/Include -O0 -ffunction-sections -fdata-sections -Wall -fstack-usage -MMD -MP -MF"Core/Src/main.d" -MT"Core/Src/main.o" --specs=nano.specs -mfpu=fpv4-sp-d16 -mfloat-abi=hard -mthumb -o "Core/Src/main.o"
../Core/Src/main.c: In function 'convert2String':
../Core/Src/main.c:73:3: warning: implicit declaration of function 'sprintf' [-Wimplicit-function-declaration]
   73 |   sprintf(&output2Uart[i], "%d", arrayInt[i]);
      |   ^~~~~~~
../Core/Src/main.c:73:3: warning: incompatible implicit declaration of built-in function 'sprintf'
../Core/Src/main.c:25:1: note: include '<stdio.h>' or provide a declaration of 'sprintf'
   24 | #include "string.h"
  +++ |+#include <stdio.h>
   25 | /* USER CODE END Includes */
arm-none-eabi-gcc -o "I2C_Slave.elf" @"objects.list"   -mcpu=cortex-m4 -T"E:\Kampus\NanoSat\Riset\Kedaireka\Code\Kedaireka_2022\OBC\I2C_Slave\STM32F413ZHTX_FLASH.ld" --specs=nosys.specs -Wl,-Map="I2C_Slave.map" -Wl,--gc-sections -static --specs=nano.specs -mfpu=fpv4-sp-d16 -mfloat-abi=hard -mthumb -Wl,--start-group -lc -lm -Wl,--end-group
Finished building target: I2C_Slave.elf
 
arm-none-eabi-size   I2C_Slave.elf 
arm-none-eabi-objdump -h -S  I2C_Slave.elf  > "I2C_Slave.list"
   text	   data	    bss	    dec	    hex	filename
  14692	     20	   3012	  17724	   453c	I2C_Slave.elf
Finished building: default.size.stdout
 
Finished building: I2C_Slave.list
 
16:36:29 **** Incremental Build of configuration Debug for project I2C_Slave ****
make -j16 all 
arm-none-eabi-gcc "../Core/Src/main.c" -mcpu=cortex-m4 -std=gnu11 -g3 -DDEBUG -DUSE_HAL_DRIVER -DSTM32F413xx -c -I../Core/Inc -I../Drivers/STM32F4xx_HAL_Driver/Inc -I../Drivers/STM32F4xx_HAL_Driver/Inc/Legacy -I../Drivers/CMSIS/Device/ST/STM32F4xx/Include -I../Drivers/CMSIS/Include -O0 -ffunction-sections -fdata-sections -Wall -fstack-usage -MMD -MP -MF"Core/Src/main.d" -MT"Core/Src/main.o" --specs=nano.specs -mfpu=fpv4-sp-d16 -mfloat-abi=hard -mthumb -o "Core/Src/main.o"
../Core/Src/main.c: In function 'convert2String':
../Core/Src/main.c:73:3: warning: implicit declaration of function 'sprintf' [-Wimplicit-function-declaration]
   73 |   sprintf(&output2Uart[i], "%d", arrayInt[i]);
      |   ^~~~~~~
../Core/Src/main.c:73:3: warning: incompatible implicit declaration of built-in function 'sprintf'
../Core/Src/main.c:25:1: note: include '<stdio.h>' or provide a declaration of 'sprintf'
   24 | #include "string.h"
  +++ |+#include <stdio.h>
   25 | /* USER CODE END Includes */
../Core/Src/main.c: In function 'main':
../Core/Src/main.c:120:35: warning: pointer targets in passing argument 2 of 'HAL_UART_Transmit' differ in signedness [-Wpointer-sign]
  120 |        HAL_UART_Transmit(&huart3, strReceived, 10, 2000);
      |                                   ^~~~~~~~~~~
      |                                   |
      |                                   char *
In file included from ../Core/Inc/stm32f4xx_hal_conf.h:407,
                 from ../Drivers/STM32F4xx_HAL_Driver/Inc/stm32f4xx_hal.h:29,
                 from ../Core/Inc/main.h:30,
                 from ../Core/Src/main.c:20:
../Drivers/STM32F4xx_HAL_Driver/Inc/stm32f4xx_hal_uart.h:722:79: note: expected 'const uint8_t *' {aka 'const unsigned char *'} but argument is of type 'char *'
  722 | HAL_StatusTypeDef HAL_UART_Transmit(UART_HandleTypeDef *huart, const uint8_t *pData, uint16_t Size, uint32_t Timeout);
      |                                                                ~~~~~~~~~~~~~~~^~~~~
arm-none-eabi-gcc -o "I2C_Slave.elf" @"objects.list"   -mcpu=cortex-m4 -T"E:\Kampus\NanoSat\Riset\Kedaireka\Code\Kedaireka_2022\OBC\I2C_Slave\STM32F413ZHTX_FLASH.ld" --specs=nosys.specs -Wl,-Map="I2C_Slave.map" -Wl,--gc-sections -static --specs=nano.specs -mfpu=fpv4-sp-d16 -mfloat-abi=hard -mthumb -Wl,--start-group -lc -lm -Wl,--end-group
Finished building target: I2C_Slave.elf
 
arm-none-eabi-size   I2C_Slave.elf 
arm-none-eabi-objdump -h -S  I2C_Slave.elf  > "I2C_Slave.list"
   text	   data	    bss	    dec	    hex	filename
  14700	     20	   3012	  17732	   4544	I2C_Slave.elf
Finished building: default.size.stdout
 
Finished building: I2C_Slave.list
 
16:37:40 **** Incremental Build of configuration Debug for project I2C_Slave ****
make -j16 all 
arm-none-eabi-gcc "../Core/Src/main.c" -mcpu=cortex-m4 -std=gnu11 -g3 -DDEBUG -DUSE_HAL_DRIVER -DSTM32F413xx -c -I../Core/Inc -I../Drivers/STM32F4xx_HAL_Driver/Inc -I../Drivers/STM32F4xx_HAL_Driver/Inc/Legacy -I../Drivers/CMSIS/Device/ST/STM32F4xx/Include -I../Drivers/CMSIS/Include -O0 -ffunction-sections -fdata-sections -Wall -fstack-usage -MMD -MP -MF"Core/Src/main.d" -MT"Core/Src/main.o" --specs=nano.specs -mfpu=fpv4-sp-d16 -mfloat-abi=hard -mthumb -o "Core/Src/main.o"
../Core/Src/main.c: In function 'convert2String':
../Core/Src/main.c:73:3: warning: implicit declaration of function 'sprintf' [-Wimplicit-function-declaration]
   73 |   sprintf(&output2Uart[i], "%d", arrayInt[i]);
      |   ^~~~~~~
../Core/Src/main.c:73:3: warning: incompatible implicit declaration of built-in function 'sprintf'
../Core/Src/main.c:25:1: note: include '<stdio.h>' or provide a declaration of 'sprintf'
   24 | #include "string.h"
  +++ |+#include <stdio.h>
   25 | /* USER CODE END Includes */
arm-none-eabi-gcc -o "I2C_Slave.elf" @"objects.list"   -mcpu=cortex-m4 -T"E:\Kampus\NanoSat\Riset\Kedaireka\Code\Kedaireka_2022\OBC\I2C_Slave\STM32F413ZHTX_FLASH.ld" --specs=nosys.specs -Wl,-Map="I2C_Slave.map" -Wl,--gc-sections -static --specs=nano.specs -mfpu=fpv4-sp-d16 -mfloat-abi=hard -mthumb -Wl,--start-group -lc -lm -Wl,--end-group
Finished building target: I2C_Slave.elf
 
arm-none-eabi-size   I2C_Slave.elf 
arm-none-eabi-objdump -h -S  I2C_Slave.elf  > "I2C_Slave.list"
   text	   data	    bss	    dec	    hex	filename
  14700	     20	   3012	  17732	   4544	I2C_Slave.elf
Finished building: default.size.stdout
 
Finished building: I2C_Slave.list
 
16:38:22 **** Incremental Build of configuration Debug for project I2C_Slave ****
make -j16 all 
arm-none-eabi-gcc "../Core/Src/main.c" -mcpu=cortex-m4 -std=gnu11 -g3 -DDEBUG -DUSE_HAL_DRIVER -DSTM32F413xx -c -I../Core/Inc -I../Drivers/STM32F4xx_HAL_Driver/Inc -I../Drivers/STM32F4xx_HAL_Driver/Inc/Legacy -I../Drivers/CMSIS/Device/ST/STM32F4xx/Include -I../Drivers/CMSIS/Include -O0 -ffunction-sections -fdata-sections -Wall -fstack-usage -MMD -MP -MF"Core/Src/main.d" -MT"Core/Src/main.o" --specs=nano.specs -mfpu=fpv4-sp-d16 -mfloat-abi=hard -mthumb -o "Core/Src/main.o"
../Core/Src/main.c: In function 'convert2String':
../Core/Src/main.c:73:3: warning: implicit declaration of function 'sprintf' [-Wimplicit-function-declaration]
   73 |   sprintf(&output2Uart[i], "%d", arrayInt[i]);
      |   ^~~~~~~
../Core/Src/main.c:73:3: warning: incompatible implicit declaration of built-in function 'sprintf'
../Core/Src/main.c:25:1: note: include '<stdio.h>' or provide a declaration of 'sprintf'
   24 | #include "string.h"
  +++ |+#include <stdio.h>
   25 | /* USER CODE END Includes */
../Core/Src/main.c: In function 'main':
../Core/Src/main.c:111:8: warning: unused variable 'strReceived' [-Wunused-variable]
  111 |   char strReceived[10] = "";
      |        ^~~~~~~~~~~
arm-none-eabi-gcc -o "I2C_Slave.elf" @"objects.list"   -mcpu=cortex-m4 -T"E:\Kampus\NanoSat\Riset\Kedaireka\Code\Kedaireka_2022\OBC\I2C_Slave\STM32F413ZHTX_FLASH.ld" --specs=nosys.specs -Wl,-Map="I2C_Slave.map" -Wl,--gc-sections -static --specs=nano.specs -mfpu=fpv4-sp-d16 -mfloat-abi=hard -mthumb -Wl,--start-group -lc -lm -Wl,--end-group
Finished building target: I2C_Slave.elf
 
arm-none-eabi-size   I2C_Slave.elf 
arm-none-eabi-objdump -h -S  I2C_Slave.elf  > "I2C_Slave.list"
   text	   data	    bss	    dec	    hex	filename
  17320	    120	   3032	  20472	   4ff8	I2C_Slave.elf
Finished building: default.size.stdout
 
Finished building: I2C_Slave.list
 
16:40:25 **** Incremental Build of configuration Debug for project I2C_Slave ****
make -j16 all 
arm-none-eabi-gcc "../Core/Src/main.c" -mcpu=cortex-m4 -std=gnu11 -g3 -DDEBUG -DUSE_HAL_DRIVER -DSTM32F413xx -c -I../Core/Inc -I../Drivers/STM32F4xx_HAL_Driver/Inc -I../Drivers/STM32F4xx_HAL_Driver/Inc/Legacy -I../Drivers/CMSIS/Device/ST/STM32F4xx/Include -I../Drivers/CMSIS/Include -O0 -ffunction-sections -fdata-sections -Wall -fstack-usage -MMD -MP -MF"Core/Src/main.d" -MT"Core/Src/main.o" --specs=nano.specs -mfpu=fpv4-sp-d16 -mfloat-abi=hard -mthumb -o "Core/Src/main.o"
../Core/Src/main.c: In function 'convert2String':
../Core/Src/main.c:73:3: warning: implicit declaration of function 'sprintf' [-Wimplicit-function-declaration]
   73 |   sprintf(&output2Uart[i], "%d", arrayInt[i]);
      |   ^~~~~~~
../Core/Src/main.c:73:3: warning: incompatible implicit declaration of built-in function 'sprintf'
../Core/Src/main.c:25:1: note: include '<stdio.h>' or provide a declaration of 'sprintf'
   24 | #include "string.h"
  +++ |+#include <stdio.h>
   25 | /* USER CODE END Includes */
../Core/Src/main.c: In function 'main':
../Core/Src/main.c:121:12: warning: incompatible implicit declaration of built-in function 'sprintf'
  121 |            sprintf(&strReceived[i], "%d", receivebuffer[i]);
      |            ^~~~~~~
../Core/Src/main.c:121:12: note: include '<stdio.h>' or provide a declaration of 'sprintf'
arm-none-eabi-gcc -o "I2C_Slave.elf" @"objects.list"   -mcpu=cortex-m4 -T"E:\Kampus\NanoSat\Riset\Kedaireka\Code\Kedaireka_2022\OBC\I2C_Slave\STM32F413ZHTX_FLASH.ld" --specs=nosys.specs -Wl,-Map="I2C_Slave.map" -Wl,--gc-sections -static --specs=nano.specs -mfpu=fpv4-sp-d16 -mfloat-abi=hard -mthumb -Wl,--start-group -lc -lm -Wl,--end-group
Finished building target: I2C_Slave.elf
 
arm-none-eabi-size   I2C_Slave.elf 
arm-none-eabi-objdump -h -S  I2C_Slave.elf  > "I2C_Slave.list"
   text	   data	    bss	    dec	    hex	filename
  17284	    120	   3032	  20436	   4fd4	I2C_Slave.elf
Finished building: default.size.stdout
 
Finished building: I2C_Slave.list
 
16:51:16 **** Incremental Build of configuration Debug for project I2C_Slave ****
make -j16 all 
arm-none-eabi-gcc "../Core/Src/main.c" -mcpu=cortex-m4 -std=gnu11 -g3 -DDEBUG -DUSE_HAL_DRIVER -DSTM32F413xx -c -I../Core/Inc -I../Drivers/STM32F4xx_HAL_Driver/Inc -I../Drivers/STM32F4xx_HAL_Driver/Inc/Legacy -I../Drivers/CMSIS/Device/ST/STM32F4xx/Include -I../Drivers/CMSIS/Include -O0 -ffunction-sections -fdata-sections -Wall -fstack-usage -MMD -MP -MF"Core/Src/main.d" -MT"Core/Src/main.o" --specs=nano.specs -mfpu=fpv4-sp-d16 -mfloat-abi=hard -mthumb -o "Core/Src/main.o"
../Core/Src/main.c: In function 'convert_string':
../Core/Src/main.c:73:3: warning: implicit declaration of function 'sprintf' [-Wimplicit-function-declaration]
   73 |   sprintf(&strReceived[i], "%d", arrayInt[i]);
      |   ^~~~~~~
../Core/Src/main.c:73:3: warning: incompatible implicit declaration of built-in function 'sprintf'
../Core/Src/main.c:25:1: note: include '<stdio.h>' or provide a declaration of 'sprintf'
   24 | #include "string.h"
  +++ |+#include <stdio.h>
   25 | /* USER CODE END Includes */
arm-none-eabi-gcc -o "I2C_Slave.elf" @"objects.list"   -mcpu=cortex-m4 -T"E:\Kampus\NanoSat\Riset\Kedaireka\Code\Kedaireka_2022\OBC\I2C_Slave\STM32F413ZHTX_FLASH.ld" --specs=nosys.specs -Wl,-Map="I2C_Slave.map" -Wl,--gc-sections -static --specs=nano.specs -mfpu=fpv4-sp-d16 -mfloat-abi=hard -mthumb -Wl,--start-group -lc -lm -Wl,--end-group
Finished building target: I2C_Slave.elf
 
arm-none-eabi-size   I2C_Slave.elf 
arm-none-eabi-objdump -h -S  I2C_Slave.elf  > "I2C_Slave.list"
   text	   data	    bss	    dec	    hex	filename
  17308	    120	   3032	  20460	   4fec	I2C_Slave.elf
Finished building: default.size.stdout
 
Finished building: I2C_Slave.list
 
16:51:57 **** Incremental Build of configuration Debug for project I2C_Slave ****
make -j16 all 
arm-none-eabi-gcc "../Core/Src/main.c" -mcpu=cortex-m4 -std=gnu11 -g3 -DDEBUG -DUSE_HAL_DRIVER -DSTM32F413xx -c -I../Core/Inc -I../Drivers/STM32F4xx_HAL_Driver/Inc -I../Drivers/STM32F4xx_HAL_Driver/Inc/Legacy -I../Drivers/CMSIS/Device/ST/STM32F4xx/Include -I../Drivers/CMSIS/Include -O0 -ffunction-sections -fdata-sections -Wall -fstack-usage -MMD -MP -MF"Core/Src/main.d" -MT"Core/Src/main.o" --specs=nano.specs -mfpu=fpv4-sp-d16 -mfloat-abi=hard -mthumb -o "Core/Src/main.o"
../Core/Src/main.c: In function 'convert_string':
../Core/Src/main.c:73:3: warning: implicit declaration of function 'sprintf' [-Wimplicit-function-declaration]
   73 |   sprintf(&strReceived[i], "%d", arrayInt[i]);
      |   ^~~~~~~
../Core/Src/main.c:73:3: warning: incompatible implicit declaration of built-in function 'sprintf'
../Core/Src/main.c:25:1: note: include '<stdio.h>' or provide a declaration of 'sprintf'
   24 | #include "string.h"
  +++ |+#include <stdio.h>
   25 | /* USER CODE END Includes */
../Core/Src/main.c:70:10: warning: unused variable 'len' [-Wunused-variable]
   70 |  uint8_t len = sizeof(arrayInt);
      |          ^~~
arm-none-eabi-gcc -o "I2C_Slave.elf" @"objects.list"   -mcpu=cortex-m4 -T"E:\Kampus\NanoSat\Riset\Kedaireka\Code\Kedaireka_2022\OBC\I2C_Slave\STM32F413ZHTX_FLASH.ld" --specs=nosys.specs -Wl,-Map="I2C_Slave.map" -Wl,--gc-sections -static --specs=nano.specs -mfpu=fpv4-sp-d16 -mfloat-abi=hard -mthumb -Wl,--start-group -lc -lm -Wl,--end-group
Finished building target: I2C_Slave.elf
 
arm-none-eabi-size   I2C_Slave.elf 
arm-none-eabi-objdump -h -S  I2C_Slave.elf  > "I2C_Slave.list"
   text	   data	    bss	    dec	    hex	filename
  17316	    120	   3032	  20468	   4ff4	I2C_Slave.elf
Finished building: default.size.stdout
 
Finished building: I2C_Slave.list
 
16:55:02 **** Incremental Build of configuration Debug for project I2C_Slave ****
make -j16 all 
arm-none-eabi-gcc "../Core/Src/main.c" -mcpu=cortex-m4 -std=gnu11 -g3 -DDEBUG -DUSE_HAL_DRIVER -DSTM32F413xx -c -I../Core/Inc -I../Drivers/STM32F4xx_HAL_Driver/Inc -I../Drivers/STM32F4xx_HAL_Driver/Inc/Legacy -I../Drivers/CMSIS/Device/ST/STM32F4xx/Include -I../Drivers/CMSIS/Include -O0 -ffunction-sections -fdata-sections -Wall -fstack-usage -MMD -MP -MF"Core/Src/main.d" -MT"Core/Src/main.o" --specs=nano.specs -mfpu=fpv4-sp-d16 -mfloat-abi=hard -mthumb -o "Core/Src/main.o"
../Core/Src/main.c: In function 'convert_string':
../Core/Src/main.c:70:2: error: variable-sized object may not be initialized
   70 |  char strReceived[len] = "";
      |  ^~~~
../Core/Src/main.c:72:3: warning: implicit declaration of function 'sprintf' [-Wimplicit-function-declaration]
   72 |   sprintf(&strReceived[i], "%d", arrayInt[i]);
      |   ^~~~~~~
../Core/Src/main.c:72:3: warning: incompatible implicit declaration of built-in function 'sprintf'
../Core/Src/main.c:25:1: note: include '<stdio.h>' or provide a declaration of 'sprintf'
   24 | #include "string.h"
  +++ |+#include <stdio.h>
   25 | /* USER CODE END Includes */
make: *** [Core/Src/subdir.mk:34: Core/Src/main.o] Error 1
"make -j16 all" terminated with exit code 2. Build might be incomplete.
16:57:49 **** Incremental Build of configuration Debug for project I2C_Slave ****
make -j16 all 
arm-none-eabi-gcc "../Core/Src/main.c" -mcpu=cortex-m4 -std=gnu11 -g3 -DDEBUG -DUSE_HAL_DRIVER -DSTM32F413xx -c -I../Core/Inc -I../Drivers/STM32F4xx_HAL_Driver/Inc -I../Drivers/STM32F4xx_HAL_Driver/Inc/Legacy -I../Drivers/CMSIS/Device/ST/STM32F4xx/Include -I../Drivers/CMSIS/Include -O0 -ffunction-sections -fdata-sections -Wall -fstack-usage -MMD -MP -MF"Core/Src/main.d" -MT"Core/Src/main.o" --specs=nano.specs -mfpu=fpv4-sp-d16 -mfloat-abi=hard -mthumb -o "Core/Src/main.o"
../Core/Src/main.c: In function 'convert_string':
../Core/Src/main.c:74:15: error: assignment to expression with array type
   74 |   strReceived += arrayInt[i];
      |               ^~
../Core/Src/main.c:70:10: warning: unused variable 'len' [-Wunused-variable]
   70 |  uint8_t len = sizeof(arrayInt);
      |          ^~~
make: *** [Core/Src/subdir.mk:34: Core/Src/main.o] Error 1
"make -j16 all" terminated with exit code 2. Build might be incomplete.
16:58:09 **** Incremental Build of configuration Debug for project I2C_Slave ****
make -j16 all 
arm-none-eabi-gcc "../Core/Src/main.c" -mcpu=cortex-m4 -std=gnu11 -g3 -DDEBUG -DUSE_HAL_DRIVER -DSTM32F413xx -c -I../Core/Inc -I../Drivers/STM32F4xx_HAL_Driver/Inc -I../Drivers/STM32F4xx_HAL_Driver/Inc/Legacy -I../Drivers/CMSIS/Device/ST/STM32F4xx/Include -I../Drivers/CMSIS/Include -O0 -ffunction-sections -fdata-sections -Wall -fstack-usage -MMD -MP -MF"Core/Src/main.d" -MT"Core/Src/main.o" --specs=nano.specs -mfpu=fpv4-sp-d16 -mfloat-abi=hard -mthumb -o "Core/Src/main.o"
../Core/Src/main.c: In function 'convert_string':
../Core/Src/main.c:71:2: error: variable-sized object may not be initialized
   71 |  char strReceived[len] = "";
      |  ^~~~
make: *** [Core/Src/subdir.mk:34: Core/Src/main.o] Error 1
"make -j16 all" terminated with exit code 2. Build might be incomplete.
17:01:23 **** Incremental Build of configuration Debug for project I2C_Slave ****
make -j16 all 
arm-none-eabi-gcc "../Core/Src/main.c" -mcpu=cortex-m4 -std=gnu11 -g3 -DDEBUG -DUSE_HAL_DRIVER -DSTM32F413xx -c -I../Core/Inc -I../Drivers/STM32F4xx_HAL_Driver/Inc -I../Drivers/STM32F4xx_HAL_Driver/Inc/Legacy -I../Drivers/CMSIS/Device/ST/STM32F4xx/Include -I../Drivers/CMSIS/Include -O0 -ffunction-sections -fdata-sections -Wall -fstack-usage -MMD -MP -MF"Core/Src/main.d" -MT"Core/Src/main.o" --specs=nano.specs -mfpu=fpv4-sp-d16 -mfloat-abi=hard -mthumb -o "Core/Src/main.o"
../Core/Src/main.c: In function 'convert_string':
../Core/Src/main.c:73:3: warning: implicit declaration of function 'sprintf' [-Wimplicit-function-declaration]
   73 |   sprintf(&strReceived[i], "%d", arrayInt[i]);
      |   ^~~~~~~
../Core/Src/main.c:73:3: warning: incompatible implicit declaration of built-in function 'sprintf'
../Core/Src/main.c:25:1: note: include '<stdio.h>' or provide a declaration of 'sprintf'
   24 | #include "string.h"
  +++ |+#include <stdio.h>
   25 | /* USER CODE END Includes */
arm-none-eabi-gcc -o "I2C_Slave.elf" @"objects.list"   -mcpu=cortex-m4 -T"E:\Kampus\NanoSat\Riset\Kedaireka\Code\Kedaireka_2022\OBC\I2C_Slave\STM32F413ZHTX_FLASH.ld" --specs=nosys.specs -Wl,-Map="I2C_Slave.map" -Wl,--gc-sections -static --specs=nano.specs -mfpu=fpv4-sp-d16 -mfloat-abi=hard -mthumb -Wl,--start-group -lc -lm -Wl,--end-group
Finished building target: I2C_Slave.elf
 
arm-none-eabi-size   I2C_Slave.elf 
arm-none-eabi-objdump -h -S  I2C_Slave.elf  > "I2C_Slave.list"
   text	   data	    bss	    dec	    hex	filename
  17336	    120	   3032	  20488	   5008	I2C_Slave.elf
Finished building: default.size.stdout
 
Finished building: I2C_Slave.list
 
17:02:24 **** Incremental Build of configuration Debug for project I2C_Slave ****
make -j16 all 
arm-none-eabi-gcc "../Core/Src/main.c" -mcpu=cortex-m4 -std=gnu11 -g3 -DDEBUG -DUSE_HAL_DRIVER -DSTM32F413xx -c -I../Core/Inc -I../Drivers/STM32F4xx_HAL_Driver/Inc -I../Drivers/STM32F4xx_HAL_Driver/Inc/Legacy -I../Drivers/CMSIS/Device/ST/STM32F4xx/Include -I../Drivers/CMSIS/Include -O0 -ffunction-sections -fdata-sections -Wall -fstack-usage -MMD -MP -MF"Core/Src/main.d" -MT"Core/Src/main.o" --specs=nano.specs -mfpu=fpv4-sp-d16 -mfloat-abi=hard -mthumb -o "Core/Src/main.o"
arm-none-eabi-gcc -o "I2C_Slave.elf" @"objects.list"   -mcpu=cortex-m4 -T"E:\Kampus\NanoSat\Riset\Kedaireka\Code\Kedaireka_2022\OBC\I2C_Slave\STM32F413ZHTX_FLASH.ld" --specs=nosys.specs -Wl,-Map="I2C_Slave.map" -Wl,--gc-sections -static --specs=nano.specs -mfpu=fpv4-sp-d16 -mfloat-abi=hard -mthumb -Wl,--start-group -lc -lm -Wl,--end-group
Finished building target: I2C_Slave.elf
 
arm-none-eabi-size   I2C_Slave.elf 
arm-none-eabi-objdump -h -S  I2C_Slave.elf  > "I2C_Slave.list"
   text	   data	    bss	    dec	    hex	filename
  14724	     20	   3012	  17756	   455c	I2C_Slave.elf
Finished building: default.size.stdout
 
Finished building: I2C_Slave.list
 
17:03:23 **** Incremental Build of configuration Debug for project I2C_Slave ****
make -j16 all 
arm-none-eabi-gcc "../Core/Src/main.c" -mcpu=cortex-m4 -std=gnu11 -g3 -DDEBUG -DUSE_HAL_DRIVER -DSTM32F413xx -c -I../Core/Inc -I../Drivers/STM32F4xx_HAL_Driver/Inc -I../Drivers/STM32F4xx_HAL_Driver/Inc/Legacy -I../Drivers/CMSIS/Device/ST/STM32F4xx/Include -I../Drivers/CMSIS/Include -O0 -ffunction-sections -fdata-sections -Wall -fstack-usage -MMD -MP -MF"Core/Src/main.d" -MT"Core/Src/main.o" --specs=nano.specs -mfpu=fpv4-sp-d16 -mfloat-abi=hard -mthumb -o "Core/Src/main.o"
arm-none-eabi-gcc -o "I2C_Slave.elf" @"objects.list"   -mcpu=cortex-m4 -T"E:\Kampus\NanoSat\Riset\Kedaireka\Code\Kedaireka_2022\OBC\I2C_Slave\STM32F413ZHTX_FLASH.ld" --specs=nosys.specs -Wl,-Map="I2C_Slave.map" -Wl,--gc-sections -static --specs=nano.specs -mfpu=fpv4-sp-d16 -mfloat-abi=hard -mthumb -Wl,--start-group -lc -lm -Wl,--end-group
Finished building target: I2C_Slave.elf
 
arm-none-eabi-size   I2C_Slave.elf 
arm-none-eabi-objdump -h -S  I2C_Slave.elf  > "I2C_Slave.list"
   text	   data	    bss	    dec	    hex	filename
  14740	     20	   3012	  17772	   456c	I2C_Slave.elf
Finished building: default.size.stdout
 
Finished building: I2C_Slave.list
 
17:05:31 **** Incremental Build of configuration Debug for project I2C_Slave ****
make -j16 all 
arm-none-eabi-gcc "../Core/Src/main.c" -mcpu=cortex-m4 -std=gnu11 -g3 -DDEBUG -DUSE_HAL_DRIVER -DSTM32F413xx -c -I../Core/Inc -I../Drivers/STM32F4xx_HAL_Driver/Inc -I../Drivers/STM32F4xx_HAL_Driver/Inc/Legacy -I../Drivers/CMSIS/Device/ST/STM32F4xx/Include -I../Drivers/CMSIS/Include -O0 -ffunction-sections -fdata-sections -Wall -fstack-usage -MMD -MP -MF"Core/Src/main.d" -MT"Core/Src/main.o" --specs=nano.specs -mfpu=fpv4-sp-d16 -mfloat-abi=hard -mthumb -o "Core/Src/main.o"
arm-none-eabi-gcc -o "I2C_Slave.elf" @"objects.list"   -mcpu=cortex-m4 -T"E:\Kampus\NanoSat\Riset\Kedaireka\Code\Kedaireka_2022\OBC\I2C_Slave\STM32F413ZHTX_FLASH.ld" --specs=nosys.specs -Wl,-Map="I2C_Slave.map" -Wl,--gc-sections -static --specs=nano.specs -mfpu=fpv4-sp-d16 -mfloat-abi=hard -mthumb -Wl,--start-group -lc -lm -Wl,--end-group
Finished building target: I2C_Slave.elf
 
arm-none-eabi-size   I2C_Slave.elf 
arm-none-eabi-objdump -h -S  I2C_Slave.elf  > "I2C_Slave.list"
   text	   data	    bss	    dec	    hex	filename
  14740	     20	   3012	  17772	   456c	I2C_Slave.elf
Finished building: default.size.stdout
 
Finished building: I2C_Slave.list
 
17:07:15 **** Incremental Build of configuration Debug for project I2C_Slave ****
make -j16 all 
arm-none-eabi-gcc "../Core/Src/main.c" -mcpu=cortex-m4 -std=gnu11 -g3 -DDEBUG -DUSE_HAL_DRIVER -DSTM32F413xx -c -I../Core/Inc -I../Drivers/STM32F4xx_HAL_Driver/Inc -I../Drivers/STM32F4xx_HAL_Driver/Inc/Legacy -I../Drivers/CMSIS/Device/ST/STM32F4xx/Include -I../Drivers/CMSIS/Include -O0 -ffunction-sections -fdata-sections -Wall -fstack-usage -MMD -MP -MF"Core/Src/main.d" -MT"Core/Src/main.o" --specs=nano.specs -mfpu=fpv4-sp-d16 -mfloat-abi=hard -mthumb -o "Core/Src/main.o"
../Core/Src/main.c: In function 'main':
../Core/Src/main.c:122:16: error: expected expression before 'char'
  122 |        temp += char(receiveBuffer[i]);
      |                ^~~~
make: *** [Core/Src/subdir.mk:34: Core/Src/main.o] Error 1
"make -j16 all" terminated with exit code 2. Build might be incomplete.
17:07:39 **** Incremental Build of configuration Debug for project I2C_Slave ****
make -j16 all 
arm-none-eabi-gcc "../Core/Src/main.c" -mcpu=cortex-m4 -std=gnu11 -g3 -DDEBUG -DUSE_HAL_DRIVER -DSTM32F413xx -c -I../Core/Inc -I../Drivers/STM32F4xx_HAL_Driver/Inc -I../Drivers/STM32F4xx_HAL_Driver/Inc/Legacy -I../Drivers/CMSIS/Device/ST/STM32F4xx/Include -I../Drivers/CMSIS/Include -O0 -ffunction-sections -fdata-sections -Wall -fstack-usage -MMD -MP -MF"Core/Src/main.d" -MT"Core/Src/main.o" --specs=nano.specs -mfpu=fpv4-sp-d16 -mfloat-abi=hard -mthumb -o "Core/Src/main.o"
../Core/Src/main.c: In function 'main':
../Core/Src/main.c:122:23: error: 'receiveBuffer' undeclared (first use in this function); did you mean 'receivebuffer'?
  122 |        temp += (char)(receiveBuffer[i]);
      |                       ^~~~~~~~~~~~~
      |                       receivebuffer
../Core/Src/main.c:122:23: note: each undeclared identifier is reported only once for each function it appears in
make: *** [Core/Src/subdir.mk:34: Core/Src/main.o] Error 1
"make -j16 all" terminated with exit code 2. Build might be incomplete.
17:07:53 **** Incremental Build of configuration Debug for project I2C_Slave ****
make -j16 all 
arm-none-eabi-gcc "../Core/Src/main.c" -mcpu=cortex-m4 -std=gnu11 -g3 -DDEBUG -DUSE_HAL_DRIVER -DSTM32F413xx -c -I../Core/Inc -I../Drivers/STM32F4xx_HAL_Driver/Inc -I../Drivers/STM32F4xx_HAL_Driver/Inc/Legacy -I../Drivers/CMSIS/Device/ST/STM32F4xx/Include -I../Drivers/CMSIS/Include -O0 -ffunction-sections -fdata-sections -Wall -fstack-usage -MMD -MP -MF"Core/Src/main.d" -MT"Core/Src/main.o" --specs=nano.specs -mfpu=fpv4-sp-d16 -mfloat-abi=hard -mthumb -o "Core/Src/main.o"
../Core/Src/main.c: In function 'main':
../Core/Src/main.c:122:13: error: assignment to expression with array type
  122 |        temp += (char)(receivebuffer[i]);
      |             ^~
make: *** [Core/Src/subdir.mk:34: Core/Src/main.o] Error 1
"make -j16 all" terminated with exit code 2. Build might be incomplete.
17:08:12 **** Incremental Build of configuration Debug for project I2C_Slave ****
make -j16 all 
arm-none-eabi-gcc "../Core/Src/main.c" -mcpu=cortex-m4 -std=gnu11 -g3 -DDEBUG -DUSE_HAL_DRIVER -DSTM32F413xx -c -I../Core/Inc -I../Drivers/STM32F4xx_HAL_Driver/Inc -I../Drivers/STM32F4xx_HAL_Driver/Inc/Legacy -I../Drivers/CMSIS/Device/ST/STM32F4xx/Include -I../Drivers/CMSIS/Include -O0 -ffunction-sections -fdata-sections -Wall -fstack-usage -MMD -MP -MF"Core/Src/main.d" -MT"Core/Src/main.o" --specs=nano.specs -mfpu=fpv4-sp-d16 -mfloat-abi=hard -mthumb -o "Core/Src/main.o"
../Core/Src/main.c: In function 'main':
../Core/Src/main.c:122:13: error: assignment to expression with array type
  122 |        temp += (char)receivebuffer[i];
      |             ^~
make: *** [Core/Src/subdir.mk:34: Core/Src/main.o] Error 1
"make -j16 all" terminated with exit code 2. Build might be incomplete.
17:08:19 **** Incremental Build of configuration Debug for project I2C_Slave ****
make -j16 all 
arm-none-eabi-gcc "../Core/Src/main.c" -mcpu=cortex-m4 -std=gnu11 -g3 -DDEBUG -DUSE_HAL_DRIVER -DSTM32F413xx -c -I../Core/Inc -I../Drivers/STM32F4xx_HAL_Driver/Inc -I../Drivers/STM32F4xx_HAL_Driver/Inc/Legacy -I../Drivers/CMSIS/Device/ST/STM32F4xx/Include -I../Drivers/CMSIS/Include -O0 -ffunction-sections -fdata-sections -Wall -fstack-usage -MMD -MP -MF"Core/Src/main.d" -MT"Core/Src/main.o" --specs=nano.specs -mfpu=fpv4-sp-d16 -mfloat-abi=hard -mthumb -o "Core/Src/main.o"
arm-none-eabi-gcc -o "I2C_Slave.elf" @"objects.list"   -mcpu=cortex-m4 -T"E:\Kampus\NanoSat\Riset\Kedaireka\Code\Kedaireka_2022\OBC\I2C_Slave\STM32F413ZHTX_FLASH.ld" --specs=nosys.specs -Wl,-Map="I2C_Slave.map" -Wl,--gc-sections -static --specs=nano.specs -mfpu=fpv4-sp-d16 -mfloat-abi=hard -mthumb -Wl,--start-group -lc -lm -Wl,--end-group
Finished building target: I2C_Slave.elf
 
arm-none-eabi-size   I2C_Slave.elf 
arm-none-eabi-objdump -h -S  I2C_Slave.elf  > "I2C_Slave.list"
   text	   data	    bss	    dec	    hex	filename
  14704	     20	   3012	  17736	   4548	I2C_Slave.elf
Finished building: default.size.stdout
 
Finished building: I2C_Slave.list
 
17:09:07 **** Incremental Build of configuration Debug for project I2C_Slave ****
make -j16 all 
arm-none-eabi-gcc "../Core/Src/main.c" -mcpu=cortex-m4 -std=gnu11 -g3 -DDEBUG -DUSE_HAL_DRIVER -DSTM32F413xx -c -I../Core/Inc -I../Drivers/STM32F4xx_HAL_Driver/Inc -I../Drivers/STM32F4xx_HAL_Driver/Inc/Legacy -I../Drivers/CMSIS/Device/ST/STM32F4xx/Include -I../Drivers/CMSIS/Include -O0 -ffunction-sections -fdata-sections -Wall -fstack-usage -MMD -MP -MF"Core/Src/main.d" -MT"Core/Src/main.o" --specs=nano.specs -mfpu=fpv4-sp-d16 -mfloat-abi=hard -mthumb -o "Core/Src/main.o"
arm-none-eabi-gcc -o "I2C_Slave.elf" @"objects.list"   -mcpu=cortex-m4 -T"E:\Kampus\NanoSat\Riset\Kedaireka\Code\Kedaireka_2022\OBC\I2C_Slave\STM32F413ZHTX_FLASH.ld" --specs=nosys.specs -Wl,-Map="I2C_Slave.map" -Wl,--gc-sections -static --specs=nano.specs -mfpu=fpv4-sp-d16 -mfloat-abi=hard -mthumb -Wl,--start-group -lc -lm -Wl,--end-group
Finished building target: I2C_Slave.elf
 
arm-none-eabi-size   I2C_Slave.elf 
arm-none-eabi-objdump -h -S  I2C_Slave.elf  > "I2C_Slave.list"
   text	   data	    bss	    dec	    hex	filename
  14688	     20	   3012	  17720	   4538	I2C_Slave.elf
Finished building: default.size.stdout
 
Finished building: I2C_Slave.list
 
17:10:30 **** Incremental Build of configuration Debug for project I2C_Slave ****
make -j16 all 
arm-none-eabi-gcc "../Core/Src/main.c" -mcpu=cortex-m4 -std=gnu11 -g3 -DDEBUG -DUSE_HAL_DRIVER -DSTM32F413xx -c -I../Core/Inc -I../Drivers/STM32F4xx_HAL_Driver/Inc -I../Drivers/STM32F4xx_HAL_Driver/Inc/Legacy -I../Drivers/CMSIS/Device/ST/STM32F4xx/Include -I../Drivers/CMSIS/Include -O0 -ffunction-sections -fdata-sections -Wall -fstack-usage -MMD -MP -MF"Core/Src/main.d" -MT"Core/Src/main.o" --specs=nano.specs -mfpu=fpv4-sp-d16 -mfloat-abi=hard -mthumb -o "Core/Src/main.o"
../Core/Src/main.c: In function 'main':
../Core/Src/main.c:122:8: warning: implicit declaration of function 'sprintf' [-Wimplicit-function-declaration]
  122 |        sprintf(&temp[i], "%d", receivebuffer[i]);
      |        ^~~~~~~
../Core/Src/main.c:122:8: warning: incompatible implicit declaration of built-in function 'sprintf'
../Core/Src/main.c:25:1: note: include '<stdio.h>' or provide a declaration of 'sprintf'
   24 | #include "string.h"
  +++ |+#include <stdio.h>
   25 | /* USER CODE END Includes */
arm-none-eabi-gcc -o "I2C_Slave.elf" @"objects.list"   -mcpu=cortex-m4 -T"E:\Kampus\NanoSat\Riset\Kedaireka\Code\Kedaireka_2022\OBC\I2C_Slave\STM32F413ZHTX_FLASH.ld" --specs=nosys.specs -Wl,-Map="I2C_Slave.map" -Wl,--gc-sections -static --specs=nano.specs -mfpu=fpv4-sp-d16 -mfloat-abi=hard -mthumb -Wl,--start-group -lc -lm -Wl,--end-group
Finished building target: I2C_Slave.elf
 
arm-none-eabi-size   I2C_Slave.elf 
arm-none-eabi-objdump -h -S  I2C_Slave.elf  > "I2C_Slave.list"
   text	   data	    bss	    dec	    hex	filename
  17284	    120	   3032	  20436	   4fd4	I2C_Slave.elf
Finished building: default.size.stdout
 
Finished building: I2C_Slave.list
 
17:12:13 **** Incremental Build of configuration Debug for project I2C_Slave ****
make -j16 all 
arm-none-eabi-gcc "../Core/Src/main.c" -mcpu=cortex-m4 -std=gnu11 -g3 -DDEBUG -DUSE_HAL_DRIVER -DSTM32F413xx -c -I../Core/Inc -I../Drivers/STM32F4xx_HAL_Driver/Inc -I../Drivers/STM32F4xx_HAL_Driver/Inc/Legacy -I../Drivers/CMSIS/Device/ST/STM32F4xx/Include -I../Drivers/CMSIS/Include -O0 -ffunction-sections -fdata-sections -Wall -fstack-usage -MMD -MP -MF"Core/Src/main.d" -MT"Core/Src/main.o" --specs=nano.specs -mfpu=fpv4-sp-d16 -mfloat-abi=hard -mthumb -o "Core/Src/main.o"
../Core/Src/main.c: In function 'convert_string':
../Core/Src/main.c:73:3: warning: implicit declaration of function 'sprintf' [-Wimplicit-function-declaration]
   73 |   sprintf(&strReceived[i], "%d", arrayInt[i]);
      |   ^~~~~~~
../Core/Src/main.c:73:3: warning: incompatible implicit declaration of built-in function 'sprintf'
../Core/Src/main.c:25:1: note: include '<stdio.h>' or provide a declaration of 'sprintf'
   24 | #include "string.h"
  +++ |+#include <stdio.h>
   25 | /* USER CODE END Includes */
../Core/Src/main.c: In function 'main':
../Core/Src/main.c:121:17: warning: pointer targets in passing argument 1 of 'send_uart' differ in signedness [-Wpointer-sign]
  121 |       send_uart(receivebuffer);
      |                 ^~~~~~~~~~~~~
      |                 |
      |                 uint8_t * {aka unsigned char *}
../Core/Src/main.c:64:22: note: expected 'char *' but argument is of type 'uint8_t *' {aka 'unsigned char *'}
   64 | void send_uart(char *string){
      |                ~~~~~~^~~~~~
../Core/Src/main.c:111:8: warning: unused variable 'temp' [-Wunused-variable]
  111 |   char temp[10]="";
      |        ^~~~
arm-none-eabi-gcc -o "I2C_Slave.elf" @"objects.list"   -mcpu=cortex-m4 -T"E:\Kampus\NanoSat\Riset\Kedaireka\Code\Kedaireka_2022\OBC\I2C_Slave\STM32F413ZHTX_FLASH.ld" --specs=nosys.specs -Wl,-Map="I2C_Slave.map" -Wl,--gc-sections -static --specs=nano.specs -mfpu=fpv4-sp-d16 -mfloat-abi=hard -mthumb -Wl,--start-group -lc -lm -Wl,--end-group
Finished building target: I2C_Slave.elf
 
arm-none-eabi-size   I2C_Slave.elf 
arm-none-eabi-objdump -h -S  I2C_Slave.elf  > "I2C_Slave.list"
   text	   data	    bss	    dec	    hex	filename
  14636	     20	   3012	  17668	   4504	I2C_Slave.elf
Finished building: default.size.stdout
 
Finished building: I2C_Slave.list
 
17:12:39 **** Incremental Build of configuration Debug for project I2C_Slave ****
make -j16 all 
arm-none-eabi-gcc "../Core/Src/main.c" -mcpu=cortex-m4 -std=gnu11 -g3 -DDEBUG -DUSE_HAL_DRIVER -DSTM32F413xx -c -I../Core/Inc -I../Drivers/STM32F4xx_HAL_Driver/Inc -I../Drivers/STM32F4xx_HAL_Driver/Inc/Legacy -I../Drivers/CMSIS/Device/ST/STM32F4xx/Include -I../Drivers/CMSIS/Include -O0 -ffunction-sections -fdata-sections -Wall -fstack-usage -MMD -MP -MF"Core/Src/main.d" -MT"Core/Src/main.o" --specs=nano.specs -mfpu=fpv4-sp-d16 -mfloat-abi=hard -mthumb -o "Core/Src/main.o"
../Core/Src/main.c: In function 'convert_string':
../Core/Src/main.c:73:3: warning: implicit declaration of function 'sprintf' [-Wimplicit-function-declaration]
   73 |   sprintf(&strReceived[i], "%d", arrayInt[i]);
      |   ^~~~~~~
../Core/Src/main.c:73:3: warning: incompatible implicit declaration of built-in function 'sprintf'
../Core/Src/main.c:25:1: note: include '<stdio.h>' or provide a declaration of 'sprintf'
   24 | #include "string.h"
  +++ |+#include <stdio.h>
   25 | /* USER CODE END Includes */
../Core/Src/main.c: In function 'main':
../Core/Src/main.c:121:17: warning: passing argument 1 of 'send_uart' from incompatible pointer type [-Wincompatible-pointer-types]
  121 |       send_uart(&receivebuffer);
      |                 ^~~~~~~~~~~~~~
      |                 |
      |                 uint8_t (*)[10] {aka unsigned char (*)[10]}
../Core/Src/main.c:64:22: note: expected 'char *' but argument is of type 'uint8_t (*)[10]' {aka 'unsigned char (*)[10]'}
   64 | void send_uart(char *string){
      |                ~~~~~~^~~~~~
../Core/Src/main.c:111:8: warning: unused variable 'temp' [-Wunused-variable]
  111 |   char temp[10]="";
      |        ^~~~
arm-none-eabi-gcc -o "I2C_Slave.elf" @"objects.list"   -mcpu=cortex-m4 -T"E:\Kampus\NanoSat\Riset\Kedaireka\Code\Kedaireka_2022\OBC\I2C_Slave\STM32F413ZHTX_FLASH.ld" --specs=nosys.specs -Wl,-Map="I2C_Slave.map" -Wl,--gc-sections -static --specs=nano.specs -mfpu=fpv4-sp-d16 -mfloat-abi=hard -mthumb -Wl,--start-group -lc -lm -Wl,--end-group
Finished building target: I2C_Slave.elf
 
arm-none-eabi-size   I2C_Slave.elf 
arm-none-eabi-objdump -h -S  I2C_Slave.elf  > "I2C_Slave.list"
   text	   data	    bss	    dec	    hex	filename
  14636	     20	   3012	  17668	   4504	I2C_Slave.elf
Finished building: default.size.stdout
 
Finished building: I2C_Slave.list
 
17:13:10 **** Incremental Build of configuration Debug for project I2C_Slave ****
make -j16 all 
arm-none-eabi-gcc "../Core/Src/main.c" -mcpu=cortex-m4 -std=gnu11 -g3 -DDEBUG -DUSE_HAL_DRIVER -DSTM32F413xx -c -I../Core/Inc -I../Drivers/STM32F4xx_HAL_Driver/Inc -I../Drivers/STM32F4xx_HAL_Driver/Inc/Legacy -I../Drivers/CMSIS/Device/ST/STM32F4xx/Include -I../Drivers/CMSIS/Include -O0 -ffunction-sections -fdata-sections -Wall -fstack-usage -MMD -MP -MF"Core/Src/main.d" -MT"Core/Src/main.o" --specs=nano.specs -mfpu=fpv4-sp-d16 -mfloat-abi=hard -mthumb -o "Core/Src/main.o"
../Core/Src/main.c: In function 'convert_string':
../Core/Src/main.c:73:3: warning: implicit declaration of function 'sprintf' [-Wimplicit-function-declaration]
   73 |   sprintf(&strReceived[i], "%d", arrayInt[i]);
      |   ^~~~~~~
../Core/Src/main.c:73:3: warning: incompatible implicit declaration of built-in function 'sprintf'
../Core/Src/main.c:25:1: note: include '<stdio.h>' or provide a declaration of 'sprintf'
   24 | #include "string.h"
  +++ |+#include <stdio.h>
   25 | /* USER CODE END Includes */
../Core/Src/main.c:73:42: error: subscripted value is neither array nor pointer nor vector
   73 |   sprintf(&strReceived[i], "%d", arrayInt[i]);
      |                                          ^
../Core/Src/main.c: In function 'main':
../Core/Src/main.c:121:17: warning: passing argument 1 of 'send_uart' from incompatible pointer type [-Wincompatible-pointer-types]
  121 |       send_uart(&receivebuffer);
      |                 ^~~~~~~~~~~~~~
      |                 |
      |                 uint8_t (*)[10] {aka unsigned char (*)[10]}
../Core/Src/main.c:64:22: note: expected 'char *' but argument is of type 'uint8_t (*)[10]' {aka 'unsigned char (*)[10]'}
   64 | void send_uart(char *string){
      |                ~~~~~~^~~~~~
../Core/Src/main.c:111:8: warning: unused variable 'temp' [-Wunused-variable]
  111 |   char temp[10]="";
      |        ^~~~
make: *** [Core/Src/subdir.mk:34: Core/Src/main.o] Error 1
"make -j16 all" terminated with exit code 2. Build might be incomplete.
17:13:20 **** Incremental Build of configuration Debug for project I2C_Slave ****
make -j16 all 
arm-none-eabi-gcc "../Core/Src/main.c" -mcpu=cortex-m4 -std=gnu11 -g3 -DDEBUG -DUSE_HAL_DRIVER -DSTM32F413xx -c -I../Core/Inc -I../Drivers/STM32F4xx_HAL_Driver/Inc -I../Drivers/STM32F4xx_HAL_Driver/Inc/Legacy -I../Drivers/CMSIS/Device/ST/STM32F4xx/Include -I../Drivers/CMSIS/Include -O0 -ffunction-sections -fdata-sections -Wall -fstack-usage -MMD -MP -MF"Core/Src/main.d" -MT"Core/Src/main.o" --specs=nano.specs -mfpu=fpv4-sp-d16 -mfloat-abi=hard -mthumb -o "Core/Src/main.o"
../Core/Src/main.c: In function 'convert_string':
../Core/Src/main.c:73:3: warning: implicit declaration of function 'sprintf' [-Wimplicit-function-declaration]
   73 |   sprintf(&strReceived[i], "%d", arrayInt[i]);
      |   ^~~~~~~
../Core/Src/main.c:73:3: warning: incompatible implicit declaration of built-in function 'sprintf'
../Core/Src/main.c:25:1: note: include '<stdio.h>' or provide a declaration of 'sprintf'
   24 | #include "string.h"
  +++ |+#include <stdio.h>
   25 | /* USER CODE END Includes */
../Core/Src/main.c:73:42: error: subscripted value is neither array nor pointer nor vector
   73 |   sprintf(&strReceived[i], "%d", arrayInt[i]);
      |                                          ^
../Core/Src/main.c: In function 'main':
../Core/Src/main.c:120:17: warning: pointer targets in passing argument 1 of 'send_uart' differ in signedness [-Wpointer-sign]
  120 |       send_uart(receivebuffer);
      |                 ^~~~~~~~~~~~~
      |                 |
      |                 uint8_t * {aka unsigned char *}
../Core/Src/main.c:64:22: note: expected 'char *' but argument is of type 'uint8_t *' {aka 'unsigned char *'}
   64 | void send_uart(char *string){
      |                ~~~~~~^~~~~~
make: *** [Core/Src/subdir.mk:34: Core/Src/main.o] Error 1
"make -j16 all" terminated with exit code 2. Build might be incomplete.
17:13:49 **** Incremental Build of configuration Debug for project I2C_Slave ****
make -j16 all 
arm-none-eabi-gcc "../Core/Src/main.c" -mcpu=cortex-m4 -std=gnu11 -g3 -DDEBUG -DUSE_HAL_DRIVER -DSTM32F413xx -c -I../Core/Inc -I../Drivers/STM32F4xx_HAL_Driver/Inc -I../Drivers/STM32F4xx_HAL_Driver/Inc/Legacy -I../Drivers/CMSIS/Device/ST/STM32F4xx/Include -I../Drivers/CMSIS/Include -O0 -ffunction-sections -fdata-sections -Wall -fstack-usage -MMD -MP -MF"Core/Src/main.d" -MT"Core/Src/main.o" --specs=nano.specs -mfpu=fpv4-sp-d16 -mfloat-abi=hard -mthumb -o "Core/Src/main.o"
../Core/Src/main.c: In function 'convert_string':
../Core/Src/main.c:70:22: warning: 'sizeof' on array function parameter 'arrayInt' will return size of 'uint8_t *' {aka 'unsigned char *'} [-Wsizeof-array-argument]
   70 |  uint8_t len = sizeof(arrayInt);
      |                      ^
../Core/Src/main.c:69:29: note: declared here
   69 | void convert_string(uint8_t arrayInt[]){
      |                     ~~~~~~~~^~~~~~~~~~
../Core/Src/main.c:73:3: warning: implicit declaration of function 'sprintf' [-Wimplicit-function-declaration]
   73 |   sprintf(&strReceived[i], "%d", arrayInt[i]);
      |   ^~~~~~~
../Core/Src/main.c:73:3: warning: incompatible implicit declaration of built-in function 'sprintf'
../Core/Src/main.c:25:1: note: include '<stdio.h>' or provide a declaration of 'sprintf'
   24 | #include "string.h"
  +++ |+#include <stdio.h>
   25 | /* USER CODE END Includes */
../Core/Src/main.c: In function 'main':
../Core/Src/main.c:120:17: warning: pointer targets in passing argument 1 of 'send_uart' differ in signedness [-Wpointer-sign]
  120 |       send_uart(receivebuffer);
      |                 ^~~~~~~~~~~~~
      |                 |
      |                 uint8_t * {aka unsigned char *}
../Core/Src/main.c:64:22: note: expected 'char *' but argument is of type 'uint8_t *' {aka 'unsigned char *'}
   64 | void send_uart(char *string){
      |                ~~~~~~^~~~~~
arm-none-eabi-gcc -o "I2C_Slave.elf" @"objects.list"   -mcpu=cortex-m4 -T"E:\Kampus\NanoSat\Riset\Kedaireka\Code\Kedaireka_2022\OBC\I2C_Slave\STM32F413ZHTX_FLASH.ld" --specs=nosys.specs -Wl,-Map="I2C_Slave.map" -Wl,--gc-sections -static --specs=nano.specs -mfpu=fpv4-sp-d16 -mfloat-abi=hard -mthumb -Wl,--start-group -lc -lm -Wl,--end-group
Finished building target: I2C_Slave.elf
 
arm-none-eabi-size   I2C_Slave.elf 
arm-none-eabi-objdump -h -S  I2C_Slave.elf  > "I2C_Slave.list"
   text	   data	    bss	    dec	    hex	filename
  14624	     20	   3012	  17656	   44f8	I2C_Slave.elf
Finished building: default.size.stdout
 
Finished building: I2C_Slave.list
 
17:15:11 **** Incremental Build of configuration Debug for project I2C_Slave ****
make -j16 all 
arm-none-eabi-gcc "../Core/Src/main.c" -mcpu=cortex-m4 -std=gnu11 -g3 -DDEBUG -DUSE_HAL_DRIVER -DSTM32F413xx -c -I../Core/Inc -I../Drivers/STM32F4xx_HAL_Driver/Inc -I../Drivers/STM32F4xx_HAL_Driver/Inc/Legacy -I../Drivers/CMSIS/Device/ST/STM32F4xx/Include -I../Drivers/CMSIS/Include -O0 -ffunction-sections -fdata-sections -Wall -fstack-usage -MMD -MP -MF"Core/Src/main.d" -MT"Core/Src/main.o" --specs=nano.specs -mfpu=fpv4-sp-d16 -mfloat-abi=hard -mthumb -o "Core/Src/main.o"
../Core/Src/main.c: In function 'convert_string':
../Core/Src/main.c:70:22: warning: 'sizeof' on array function parameter 'arrayInt' will return size of 'uint8_t *' {aka 'unsigned char *'} [-Wsizeof-array-argument]
   70 |  uint8_t len = sizeof(arrayInt);
      |                      ^
../Core/Src/main.c:69:29: note: declared here
   69 | void convert_string(uint8_t arrayInt[]){
      |                     ~~~~~~~~^~~~~~~~~~
../Core/Src/main.c:73:3: warning: implicit declaration of function 'sprintf' [-Wimplicit-function-declaration]
   73 |   sprintf(&strReceived[i], "%d", arrayInt[i]);
      |   ^~~~~~~
../Core/Src/main.c:73:3: warning: incompatible implicit declaration of built-in function 'sprintf'
../Core/Src/main.c:25:1: note: include '<stdio.h>' or provide a declaration of 'sprintf'
   24 | #include "string.h"
  +++ |+#include <stdio.h>
   25 | /* USER CODE END Includes */
../Core/Src/main.c: In function 'main':
../Core/Src/main.c:121:24: error: 'len' undeclared (first use in this function)
  121 |       for(int i = 0; i<len; i++){
      |                        ^~~
../Core/Src/main.c:121:24: note: each undeclared identifier is reported only once for each function it appears in
../Core/Src/main.c:122:9: warning: incompatible implicit declaration of built-in function 'sprintf'
  122 |         sprintf(&temp[i], "%d", receivebuffer[i]);
      |         ^~~~~~~
../Core/Src/main.c:122:9: note: include '<stdio.h>' or provide a declaration of 'sprintf'
make: *** [Core/Src/subdir.mk:34: Core/Src/main.o] Error 1
"make -j16 all" terminated with exit code 2. Build might be incomplete.
17:15:21 **** Incremental Build of configuration Debug for project I2C_Slave ****
make -j16 all 
arm-none-eabi-gcc "../Core/Src/main.c" -mcpu=cortex-m4 -std=gnu11 -g3 -DDEBUG -DUSE_HAL_DRIVER -DSTM32F413xx -c -I../Core/Inc -I../Drivers/STM32F4xx_HAL_Driver/Inc -I../Drivers/STM32F4xx_HAL_Driver/Inc/Legacy -I../Drivers/CMSIS/Device/ST/STM32F4xx/Include -I../Drivers/CMSIS/Include -O0 -ffunction-sections -fdata-sections -Wall -fstack-usage -MMD -MP -MF"Core/Src/main.d" -MT"Core/Src/main.o" --specs=nano.specs -mfpu=fpv4-sp-d16 -mfloat-abi=hard -mthumb -o "Core/Src/main.o"
../Core/Src/main.c: In function 'convert_string':
../Core/Src/main.c:70:22: warning: 'sizeof' on array function parameter 'arrayInt' will return size of 'uint8_t *' {aka 'unsigned char *'} [-Wsizeof-array-argument]
   70 |  uint8_t len = sizeof(arrayInt);
      |                      ^
../Core/Src/main.c:69:29: note: declared here
   69 | void convert_string(uint8_t arrayInt[]){
      |                     ~~~~~~~~^~~~~~~~~~
../Core/Src/main.c:73:3: warning: implicit declaration of function 'sprintf' [-Wimplicit-function-declaration]
   73 |   sprintf(&strReceived[i], "%d", arrayInt[i]);
      |   ^~~~~~~
../Core/Src/main.c:73:3: warning: incompatible implicit declaration of built-in function 'sprintf'
../Core/Src/main.c:25:1: note: include '<stdio.h>' or provide a declaration of 'sprintf'
   24 | #include "string.h"
  +++ |+#include <stdio.h>
   25 | /* USER CODE END Includes */
../Core/Src/main.c: In function 'main':
../Core/Src/main.c:122:9: warning: incompatible implicit declaration of built-in function 'sprintf'
  122 |         sprintf(&temp[i], "%d", receivebuffer[i]);
      |         ^~~~~~~
../Core/Src/main.c:122:9: note: include '<stdio.h>' or provide a declaration of 'sprintf'
arm-none-eabi-gcc -o "I2C_Slave.elf" @"objects.list"   -mcpu=cortex-m4 -T"E:\Kampus\NanoSat\Riset\Kedaireka\Code\Kedaireka_2022\OBC\I2C_Slave\STM32F413ZHTX_FLASH.ld" --specs=nosys.specs -Wl,-Map="I2C_Slave.map" -Wl,--gc-sections -static --specs=nano.specs -mfpu=fpv4-sp-d16 -mfloat-abi=hard -mthumb -Wl,--start-group -lc -lm -Wl,--end-group
Finished building target: I2C_Slave.elf
 
arm-none-eabi-size   I2C_Slave.elf 
arm-none-eabi-objdump -h -S  I2C_Slave.elf  > "I2C_Slave.list"
   text	   data	    bss	    dec	    hex	filename
  17300	    120	   3032	  20452	   4fe4	I2C_Slave.elf
Finished building: default.size.stdout
 
Finished building: I2C_Slave.list
 
17:27:38 **** Incremental Build of configuration Debug for project I2C_Master ****
make -j16 all 
arm-none-eabi-gcc "../Core/Src/main.c" -mcpu=cortex-m4 -std=gnu11 -g3 -DDEBUG -DUSE_HAL_DRIVER -DSTM32F446xx -c -I../Core/Inc -I../Drivers/STM32F4xx_HAL_Driver/Inc -I../Drivers/STM32F4xx_HAL_Driver/Inc/Legacy -I../Drivers/CMSIS/Device/ST/STM32F4xx/Include -I../Drivers/CMSIS/Include -O0 -ffunction-sections -fdata-sections -Wall -fstack-usage -MMD -MP -MF"Core/Src/main.d" -MT"Core/Src/main.o" --specs=nano.specs -mfpu=fpv4-sp-d16 -mfloat-abi=hard -mthumb -o "Core/Src/main.o"
arm-none-eabi-gcc -o "I2C_Master.elf" @"objects.list"   -mcpu=cortex-m4 -T"E:\Kampus\NanoSat\Riset\Kedaireka\Code\Kedaireka_2022\OBC\I2C_Master\STM32F446ZETX_FLASH.ld" --specs=nosys.specs -Wl,-Map="I2C_Master.map" -Wl,--gc-sections -static --specs=nano.specs -mfpu=fpv4-sp-d16 -mfloat-abi=hard -mthumb -Wl,--start-group -lc -lm -Wl,--end-group
Finished building target: I2C_Master.elf
 
arm-none-eabi-size   I2C_Master.elf 
arm-none-eabi-objdump -h -S  I2C_Master.elf  > "I2C_Master.list"
   text	   data	    bss	    dec	    hex	filename
  16076	     20	   3012	  19108	   4aa4	I2C_Master.elf
Finished building: default.size.stdout
 
Finished building: I2C_Master.list
 
17:29:39 **** Incremental Build of configuration Debug for project I2C_Slave ****
make -j16 all 
arm-none-eabi-gcc "../Core/Src/main.c" -mcpu=cortex-m4 -std=gnu11 -g3 -DDEBUG -DUSE_HAL_DRIVER -DSTM32F413xx -c -I../Core/Inc -I../Drivers/STM32F4xx_HAL_Driver/Inc -I../Drivers/STM32F4xx_HAL_Driver/Inc/Legacy -I../Drivers/CMSIS/Device/ST/STM32F4xx/Include -I../Drivers/CMSIS/Include -O0 -ffunction-sections -fdata-sections -Wall -fstack-usage -MMD -MP -MF"Core/Src/main.d" -MT"Core/Src/main.o" --specs=nano.specs -mfpu=fpv4-sp-d16 -mfloat-abi=hard -mthumb -o "Core/Src/main.o"
../Core/Src/main.c: In function 'convert_string':
../Core/Src/main.c:73:22: warning: 'sizeof' on array function parameter 'arrayInt' will return size of 'uint8_t *' {aka 'unsigned char *'} [-Wsizeof-array-argument]
   73 |  uint8_t len = sizeof(arrayInt);
      |                      ^
../Core/Src/main.c:72:29: note: declared here
   72 | void convert_string(uint8_t arrayInt[]){
      |                     ~~~~~~~~^~~~~~~~~~
../Core/Src/main.c:76:3: warning: implicit declaration of function 'sprintf' [-Wimplicit-function-declaration]
   76 |   sprintf(&strReceived[i], "%d", arrayInt[i]);
      |   ^~~~~~~
../Core/Src/main.c:76:3: warning: incompatible implicit declaration of built-in function 'sprintf'
../Core/Src/main.c:25:1: note: include '<stdio.h>' or provide a declaration of 'sprintf'
   24 | #include "string.h"
  +++ |+#include <stdio.h>
   25 | /* USER CODE END Includes */
../Core/Src/main.c: In function 'main':
../Core/Src/main.c:115:40: error: 'receivedBuffer' undeclared (first use in this function); did you mean 'receivedbuffer'?
  115 |       if(HAL_I2C_Slave_Receive(&hi2c1, receivedBuffer, 128, 50000) == HAL_OK){
      |                                        ^~~~~~~~~~~~~~
      |                                        receivedbuffer
../Core/Src/main.c:115:40: note: each undeclared identifier is reported only once for each function it appears in
../Core/Src/main.c:123:9: warning: incompatible implicit declaration of built-in function 'sprintf'
  123 |         sprintf(&strReceived[i], "%d", receiveBuffer[i]);
      |         ^~~~~~~
../Core/Src/main.c:123:9: note: include '<stdio.h>' or provide a declaration of 'sprintf'
../Core/Src/main.c:123:40: error: 'receiveBuffer' undeclared (first use in this function); did you mean 'receivedbuffer'?
  123 |         sprintf(&strReceived[i], "%d", receiveBuffer[i]);
      |                                        ^~~~~~~~~~~~~
      |                                        receivedbuffer
make: *** [Core/Src/subdir.mk:34: Core/Src/main.o] Error 1
"make -j16 all" terminated with exit code 2. Build might be incomplete.
17:30:04 **** Incremental Build of configuration Debug for project I2C_Slave ****
make -j16 all 
arm-none-eabi-gcc "../Core/Src/main.c" -mcpu=cortex-m4 -std=gnu11 -g3 -DDEBUG -DUSE_HAL_DRIVER -DSTM32F413xx -c -I../Core/Inc -I../Drivers/STM32F4xx_HAL_Driver/Inc -I../Drivers/STM32F4xx_HAL_Driver/Inc/Legacy -I../Drivers/CMSIS/Device/ST/STM32F4xx/Include -I../Drivers/CMSIS/Include -O0 -ffunction-sections -fdata-sections -Wall -fstack-usage -MMD -MP -MF"Core/Src/main.d" -MT"Core/Src/main.o" --specs=nano.specs -mfpu=fpv4-sp-d16 -mfloat-abi=hard -mthumb -o "Core/Src/main.o"
../Core/Src/main.c: In function 'convert_string':
../Core/Src/main.c:73:22: warning: 'sizeof' on array function parameter 'arrayInt' will return size of 'uint8_t *' {aka 'unsigned char *'} [-Wsizeof-array-argument]
   73 |  uint8_t len = sizeof(arrayInt);
      |                      ^
../Core/Src/main.c:72:29: note: declared here
   72 | void convert_string(uint8_t arrayInt[]){
      |                     ~~~~~~~~^~~~~~~~~~
../Core/Src/main.c:76:3: warning: implicit declaration of function 'sprintf' [-Wimplicit-function-declaration]
   76 |   sprintf(&strReceived[i], "%d", arrayInt[i]);
      |   ^~~~~~~
../Core/Src/main.c:76:3: warning: incompatible implicit declaration of built-in function 'sprintf'
../Core/Src/main.c:25:1: note: include '<stdio.h>' or provide a declaration of 'sprintf'
   24 | #include "string.h"
  +++ |+#include <stdio.h>
   25 | /* USER CODE END Includes */
../Core/Src/main.c: In function 'main':
../Core/Src/main.c:123:9: warning: incompatible implicit declaration of built-in function 'sprintf'
  123 |         sprintf(&strReceived[i], "%d", receivedBuffer[i]);
      |         ^~~~~~~
../Core/Src/main.c:123:9: note: include '<stdio.h>' or provide a declaration of 'sprintf'
arm-none-eabi-gcc -o "I2C_Slave.elf" @"objects.list"   -mcpu=cortex-m4 -T"E:\Kampus\NanoSat\Riset\Kedaireka\Code\Kedaireka_2022\OBC\I2C_Slave\STM32F413ZHTX_FLASH.ld" --specs=nosys.specs -Wl,-Map="I2C_Slave.map" -Wl,--gc-sections -static --specs=nano.specs -mfpu=fpv4-sp-d16 -mfloat-abi=hard -mthumb -Wl,--start-group -lc -lm -Wl,--end-group
Finished building target: I2C_Slave.elf
 
arm-none-eabi-size   I2C_Slave.elf 
arm-none-eabi-objdump -h -S  I2C_Slave.elf  > "I2C_Slave.list"
   text	   data	    bss	    dec	    hex	filename
  17260	    120	   3288	  20668	   50bc	I2C_Slave.elf
Finished building: default.size.stdout
 
Finished building: I2C_Slave.list
 
17:30:43 **** Incremental Build of configuration Debug for project I2C_Slave ****
make -j16 all 
arm-none-eabi-gcc "../Core/Src/main.c" -mcpu=cortex-m4 -std=gnu11 -g3 -DDEBUG -DUSE_HAL_DRIVER -DSTM32F413xx -c -I../Core/Inc -I../Drivers/STM32F4xx_HAL_Driver/Inc -I../Drivers/STM32F4xx_HAL_Driver/Inc/Legacy -I../Drivers/CMSIS/Device/ST/STM32F4xx/Include -I../Drivers/CMSIS/Include -O0 -ffunction-sections -fdata-sections -Wall -fstack-usage -MMD -MP -MF"Core/Src/main.d" -MT"Core/Src/main.o" --specs=nano.specs -mfpu=fpv4-sp-d16 -mfloat-abi=hard -mthumb -o "Core/Src/main.o"
../Core/Src/main.c: In function 'convert_string':
../Core/Src/main.c:73:22: warning: 'sizeof' on array function parameter 'arrayInt' will return size of 'uint8_t *' {aka 'unsigned char *'} [-Wsizeof-array-argument]
   73 |  uint8_t len = sizeof(arrayInt);
      |                      ^
../Core/Src/main.c:72:29: note: declared here
   72 | void convert_string(uint8_t arrayInt[]){
      |                     ~~~~~~~~^~~~~~~~~~
../Core/Src/main.c:76:3: warning: implicit declaration of function 'sprintf' [-Wimplicit-function-declaration]
   76 |   sprintf(&strReceived[i], "%d", arrayInt[i]);
      |   ^~~~~~~
../Core/Src/main.c:76:3: warning: incompatible implicit declaration of built-in function 'sprintf'
../Core/Src/main.c:25:1: note: include '<stdio.h>' or provide a declaration of 'sprintf'
   24 | #include "string.h"
  +++ |+#include <stdio.h>
   25 | /* USER CODE END Includes */
../Core/Src/main.c: In function 'main':
../Core/Src/main.c:123:9: warning: incompatible implicit declaration of built-in function 'sprintf'
  123 |         sprintf(&strReceived[i], "%d", receivedBuffer[i]);
      |         ^~~~~~~
../Core/Src/main.c:123:9: note: include '<stdio.h>' or provide a declaration of 'sprintf'
arm-none-eabi-gcc -o "I2C_Slave.elf" @"objects.list"   -mcpu=cortex-m4 -T"E:\Kampus\NanoSat\Riset\Kedaireka\Code\Kedaireka_2022\OBC\I2C_Slave\STM32F413ZHTX_FLASH.ld" --specs=nosys.specs -Wl,-Map="I2C_Slave.map" -Wl,--gc-sections -static --specs=nano.specs -mfpu=fpv4-sp-d16 -mfloat-abi=hard -mthumb -Wl,--start-group -lc -lm -Wl,--end-group
Finished building target: I2C_Slave.elf
 
arm-none-eabi-size   I2C_Slave.elf 
arm-none-eabi-objdump -h -S  I2C_Slave.elf  > "I2C_Slave.list"
   text	   data	    bss	    dec	    hex	filename
  17260	    120	   3176	  20556	   504c	I2C_Slave.elf
Finished building: default.size.stdout
 
Finished building: I2C_Slave.list
 
17:32:03 **** Incremental Build of configuration Debug for project I2C_Slave ****
make -j16 all 
arm-none-eabi-gcc "../Core/Src/main.c" -mcpu=cortex-m4 -std=gnu11 -g3 -DDEBUG -DUSE_HAL_DRIVER -DSTM32F413xx -c -I../Core/Inc -I../Drivers/STM32F4xx_HAL_Driver/Inc -I../Drivers/STM32F4xx_HAL_Driver/Inc/Legacy -I../Drivers/CMSIS/Device/ST/STM32F4xx/Include -I../Drivers/CMSIS/Include -O0 -ffunction-sections -fdata-sections -Wall -fstack-usage -MMD -MP -MF"Core/Src/main.d" -MT"Core/Src/main.o" --specs=nano.specs -mfpu=fpv4-sp-d16 -mfloat-abi=hard -mthumb -o "Core/Src/main.o"
../Core/Src/main.c: In function 'convert_string':
../Core/Src/main.c:74:22: warning: 'sizeof' on array function parameter 'arrayInt' will return size of 'uint8_t *' {aka 'unsigned char *'} [-Wsizeof-array-argument]
   74 |  uint8_t len = sizeof(arrayInt);
      |                      ^
../Core/Src/main.c:73:29: note: declared here
   73 | void convert_string(uint8_t arrayInt[]){
      |                     ~~~~~~~~^~~~~~~~~~
../Core/Src/main.c:77:3: warning: implicit declaration of function 'sprintf' [-Wimplicit-function-declaration]
   77 |   sprintf(&strReceived[i], "%d", arrayInt[i]);
      |   ^~~~~~~
../Core/Src/main.c:77:3: warning: incompatible implicit declaration of built-in function 'sprintf'
../Core/Src/main.c:25:1: note: include '<stdio.h>' or provide a declaration of 'sprintf'
   24 | #include "string.h"
  +++ |+#include <stdio.h>
   25 | /* USER CODE END Includes */
../Core/Src/main.c: In function 'main':
../Core/Src/main.c:124:9: warning: incompatible implicit declaration of built-in function 'sprintf'
  124 |         sprintf(&strReceived[i], "%d", receivedBuffer[i]);
      |         ^~~~~~~
../Core/Src/main.c:124:9: note: include '<stdio.h>' or provide a declaration of 'sprintf'
arm-none-eabi-gcc -o "I2C_Slave.elf" @"objects.list"   -mcpu=cortex-m4 -T"E:\Kampus\NanoSat\Riset\Kedaireka\Code\Kedaireka_2022\OBC\I2C_Slave\STM32F413ZHTX_FLASH.ld" --specs=nosys.specs -Wl,-Map="I2C_Slave.map" -Wl,--gc-sections -static --specs=nano.specs -mfpu=fpv4-sp-d16 -mfloat-abi=hard -mthumb -Wl,--start-group -lc -lm -Wl,--end-group
Finished building target: I2C_Slave.elf
 
arm-none-eabi-size   I2C_Slave.elf 
arm-none-eabi-objdump -h -S  I2C_Slave.elf  > "I2C_Slave.list"
   text	   data	    bss	    dec	    hex	filename
  17272	    124	   3172	  20568	   5058	I2C_Slave.elf
Finished building: default.size.stdout
 
Finished building: I2C_Slave.list
 
17:32:25 **** Incremental Build of configuration Debug for project I2C_Slave ****
make -j16 all 
arm-none-eabi-size   I2C_Slave.elf 
   text	   data	    bss	    dec	    hex	filename
  17272	    124	   3172	  20568	   5058	I2C_Slave.elf
Finished building: default.size.stdout
 
17:33:31 **** Incremental Build of configuration Debug for project I2C_Master ****
make -j16 all 
arm-none-eabi-gcc "../Core/Src/main.c" -mcpu=cortex-m4 -std=gnu11 -g3 -DDEBUG -DUSE_HAL_DRIVER -DSTM32F446xx -c -I../Core/Inc -I../Drivers/STM32F4xx_HAL_Driver/Inc -I../Drivers/STM32F4xx_HAL_Driver/Inc/Legacy -I../Drivers/CMSIS/Device/ST/STM32F4xx/Include -I../Drivers/CMSIS/Include -O0 -ffunction-sections -fdata-sections -Wall -fstack-usage -MMD -MP -MF"Core/Src/main.d" -MT"Core/Src/main.o" --specs=nano.specs -mfpu=fpv4-sp-d16 -mfloat-abi=hard -mthumb -o "Core/Src/main.o"
arm-none-eabi-gcc -o "I2C_Master.elf" @"objects.list"   -mcpu=cortex-m4 -T"E:\Kampus\NanoSat\Riset\Kedaireka\Code\Kedaireka_2022\OBC\I2C_Master\STM32F446ZETX_FLASH.ld" --specs=nosys.specs -Wl,-Map="I2C_Master.map" -Wl,--gc-sections -static --specs=nano.specs -mfpu=fpv4-sp-d16 -mfloat-abi=hard -mthumb -Wl,--start-group -lc -lm -Wl,--end-group
Finished building target: I2C_Master.elf
 
arm-none-eabi-size   I2C_Master.elf 
arm-none-eabi-objdump -h -S  I2C_Master.elf  > "I2C_Master.list"
   text	   data	    bss	    dec	    hex	filename
  15928	     32	   3016	  18976	   4a20	I2C_Master.elf
Finished building: default.size.stdout
 
Finished building: I2C_Master.list
 
17:33:54 **** Incremental Build of configuration Debug for project I2C_Slave ****
make -j16 all 
arm-none-eabi-size   I2C_Slave.elf 
   text	   data	    bss	    dec	    hex	filename
  17272	    124	   3172	  20568	   5058	I2C_Slave.elf
Finished building: default.size.stdout
 
17:37:19 **** Incremental Build of configuration Debug for project I2C_Slave ****
make -j16 all 
arm-none-eabi-gcc "../Core/Src/main.c" -mcpu=cortex-m4 -std=gnu11 -g3 -DDEBUG -DUSE_HAL_DRIVER -DSTM32F413xx -c -I../Core/Inc -I../Drivers/STM32F4xx_HAL_Driver/Inc -I../Drivers/STM32F4xx_HAL_Driver/Inc/Legacy -I../Drivers/CMSIS/Device/ST/STM32F4xx/Include -I../Drivers/CMSIS/Include -O0 -ffunction-sections -fdata-sections -Wall -fstack-usage -MMD -MP -MF"Core/Src/main.d" -MT"Core/Src/main.o" --specs=nano.specs -mfpu=fpv4-sp-d16 -mfloat-abi=hard -mthumb -o "Core/Src/main.o"
../Core/Src/main.c: In function 'convert_string':
../Core/Src/main.c:73:22: error: expected declaration specifiers before ')' token
   73 | void convert_string()){
      |                      ^
../Core/Src/main.c:86:1: error: expected '=', ',', ';', 'asm' or '__attribute__' before '{' token
   86 | {
      | ^
../Core/Src/main.c:143:1: error: expected '=', ',', ';', 'asm' or '__attribute__' before '{' token
  143 | {
      | ^
../Core/Src/main.c:190:1: error: expected '=', ',', ';', 'asm' or '__attribute__' before '{' token
  190 | {
      | ^
../Core/Src/main.c:224:1: error: expected '=', ',', ';', 'asm' or '__attribute__' before '{' token
  224 | {
      | ^
../Core/Src/main.c:257:1: error: expected '=', ',', ';', 'asm' or '__attribute__' before '{' token
  257 | {
      | ^
../Core/Src/main.c:293:1: error: expected '=', ',', ';', 'asm' or '__attribute__' before '{' token
  293 | {
      | ^
../Core/Src/main.c:347:1: error: expected '=', ',', ';', 'asm' or '__attribute__' before '{' token
  347 | {
      | ^
../Core/Src/main.c:373: error: expected '{' at end of input
../Core/Src/main.c: At top level:
../Core/Src/main.c:54:13: warning: 'MX_GPIO_Init' declared 'static' but never defined [-Wunused-function]
   54 | static void MX_GPIO_Init(void);
      |             ^~~~~~~~~~~~
../Core/Src/main.c:55:13: warning: 'MX_USART3_UART_Init' declared 'static' but never defined [-Wunused-function]
   55 | static void MX_USART3_UART_Init(void);
      |             ^~~~~~~~~~~~~~~~~~~
../Core/Src/main.c:56:13: warning: 'MX_USB_OTG_FS_PCD_Init' declared 'static' but never defined [-Wunused-function]
   56 | static void MX_USB_OTG_FS_PCD_Init(void);
      |             ^~~~~~~~~~~~~~~~~~~~~~
../Core/Src/main.c:57:13: warning: 'MX_I2C1_Init' declared 'static' but never defined [-Wunused-function]
   57 | static void MX_I2C1_Init(void);
      |             ^~~~~~~~~~~~
make: *** [Core/Src/subdir.mk:34: Core/Src/main.o] Error 1
"make -j16 all" terminated with exit code 2. Build might be incomplete.
17:37:35 **** Incremental Build of configuration Debug for project I2C_Slave ****
make -j16 all 
arm-none-eabi-gcc "../Core/Src/main.c" -mcpu=cortex-m4 -std=gnu11 -g3 -DDEBUG -DUSE_HAL_DRIVER -DSTM32F413xx -c -I../Core/Inc -I../Drivers/STM32F4xx_HAL_Driver/Inc -I../Drivers/STM32F4xx_HAL_Driver/Inc/Legacy -I../Drivers/CMSIS/Device/ST/STM32F4xx/Include -I../Drivers/CMSIS/Include -O0 -ffunction-sections -fdata-sections -Wall -fstack-usage -MMD -MP -MF"Core/Src/main.d" -MT"Core/Src/main.o" --specs=nano.specs -mfpu=fpv4-sp-d16 -mfloat-abi=hard -mthumb -o "Core/Src/main.o"
../Core/Src/main.c: In function 'convert_string':
../Core/Src/main.c:75:3: warning: implicit declaration of function 'sprintf' [-Wimplicit-function-declaration]
   75 |   sprintf(&strReceived[i], "%d", receivedBuffer[i]);
      |   ^~~~~~~
../Core/Src/main.c:75:3: warning: incompatible implicit declaration of built-in function 'sprintf'
../Core/Src/main.c:25:1: note: include '<stdio.h>' or provide a declaration of 'sprintf'
   24 | #include "string.h"
  +++ |+#include <stdio.h>
   25 | /* USER CODE END Includes */
arm-none-eabi-gcc -o "I2C_Slave.elf" @"objects.list"   -mcpu=cortex-m4 -T"E:\Kampus\NanoSat\Riset\Kedaireka\Code\Kedaireka_2022\OBC\I2C_Slave\STM32F413ZHTX_FLASH.ld" --specs=nosys.specs -Wl,-Map="I2C_Slave.map" -Wl,--gc-sections -static --specs=nano.specs -mfpu=fpv4-sp-d16 -mfloat-abi=hard -mthumb -Wl,--start-group -lc -lm -Wl,--end-group
Finished building target: I2C_Slave.elf
 
arm-none-eabi-size   I2C_Slave.elf 
arm-none-eabi-objdump -h -S  I2C_Slave.elf  > "I2C_Slave.list"
   text	   data	    bss	    dec	    hex	filename
  17300	    124	   3172	  20596	   5074	I2C_Slave.elf
Finished building: default.size.stdout
 
Finished building: I2C_Slave.list
 
